{"meta": {"format": 3, "version": "7.10.4", "timestamp": "2025-08-20T10:28:46.272930", "branch_coverage": false, "show_contexts": false}, "files": {"src/__init__.py": {"executed_lines": [1, 3, 4, 5, 7, 11, 12, 15], "summary": {"covered_lines": 7, "num_statements": 7, "percent_covered": 100.0, "percent_covered_display": "100.00", "missing_lines": 0, "excluded_lines": 0}, "missing_lines": [], "excluded_lines": [], "functions": {"": {"executed_lines": [1, 3, 4, 5, 7, 11, 12, 15], "summary": {"covered_lines": 7, "num_statements": 7, "percent_covered": 100.0, "percent_covered_display": "100.00", "missing_lines": 0, "excluded_lines": 0}, "missing_lines": [], "excluded_lines": []}}, "classes": {"": {"executed_lines": [1, 3, 4, 5, 7, 11, 12, 15], "summary": {"covered_lines": 7, "num_statements": 7, "percent_covered": 100.0, "percent_covered_display": "100.00", "missing_lines": 0, "excluded_lines": 0}, "missing_lines": [], "excluded_lines": []}}}, "src/__main__.py": {"executed_lines": [], "summary": {"covered_lines": 0, "num_statements": 58, "percent_covered": 0.0, "percent_covered_display": "0.00", "missing_lines": 58, "excluded_lines": 4}, "missing_lines": [3, 4, 5, 6, 8, 9, 10, 17, 18, 19, 22, 25, 27, 28, 29, 30, 33, 34, 41, 48, 49, 54, 55, 56, 65, 66, 69, 70, 71, 72, 73, 74, 75, 76, 77, 80, 86, 94, 95, 96, 97, 100, 101, 104, 105, 107, 108, 111, 112, 114, 115, 116, 117, 118, 120, 121, 122, 123], "excluded_lines": [14, 15, 126, 127], "functions": {"handle_signal": {"executed_lines": [], "summary": {"covered_lines": 0, "num_statements": 4, "percent_covered": 0.0, "percent_covered_display": "0.00", "missing_lines": 4, "excluded_lines": 0}, "missing_lines": [27, 28, 29, 30], "excluded_lines": []}, "main": {"executed_lines": [], "summary": {"covered_lines": 0, "num_statements": 34, "percent_covered": 0.0, "percent_covered_display": "0.00", "missing_lines": 34, "excluded_lines": 0}, "missing_lines": [65, 66, 69, 70, 71, 72, 73, 74, 75, 76, 77, 80, 86, 94, 95, 96, 97, 100, 101, 104, 105, 107, 108, 111, 112, 114, 115, 116, 117, 118, 120, 121, 122, 123], "excluded_lines": []}, "": {"executed_lines": [], "summary": {"covered_lines": 0, "num_statements": 20, "percent_covered": 0.0, "percent_covered_display": "0.00", "missing_lines": 20, "excluded_lines": 4}, "missing_lines": [3, 4, 5, 6, 8, 9, 10, 17, 18, 19, 22, 25, 33, 34, 41, 48, 49, 54, 55, 56], "excluded_lines": [14, 15, 126, 127]}}, "classes": {"": {"executed_lines": [], "summary": {"covered_lines": 0, "num_statements": 58, "percent_covered": 0.0, "percent_covered_display": "0.00", "missing_lines": 58, "excluded_lines": 4}, "missing_lines": [3, 4, 5, 6, 8, 9, 10, 17, 18, 19, 22, 25, 27, 28, 29, 30, 33, 34, 41, 48, 49, 54, 55, 56, 65, 66, 69, 70, 71, 72, 73, 74, 75, 76, 77, 80, 86, 94, 95, 96, 97, 100, 101, 104, 105, 107, 108, 111, 112, 114, 115, 116, 117, 118, 120, 121, 122, 123], "excluded_lines": [14, 15, 126, 127]}}}, "src/api/auth.py": {"executed_lines": [1, 12, 13, 14, 15, 16, 17, 18, 19, 20, 21, 23, 25, 26, 28, 31, 32, 33, 35, 36, 37, 38, 39, 40, 41, 42, 45, 46, 47, 49, 50, 51, 52, 54, 72, 78, 79, 81, 88, 116, 137, 151, 173, 174, 176, 182, 209, 223, 224, 226, 248, 267, 271, 318, 336, 341, 359, 370, 382, 397, 411, 430, 431, 432, 435, 436, 437, 440, 441, 442], "summary": {"covered_lines": 61, "num_statements": 222, "percent_covered": 27.47747747747748, "percent_covered_display": "27.48", "missing_lines": 161, "excluded_lines": 0}, "missing_lines": [56, 57, 60, 64, 67, 68, 69, 70, 74, 75, 83, 84, 85, 86, 91, 92, 95, 96, 97, 100, 101, 104, 106, 107, 114, 119, 120, 126, 127, 128, 129, 135, 139, 140, 141, 143, 149, 153, 154, 156, 157, 158, 159, 161, 162, 164, 165, 170, 178, 179, 180, 184, 185, 187, 188, 189, 190, 191, 194, 195, 196, 197, 200, 201, 202, 203, 204, 205, 207, 211, 212, 213, 215, 216, 217, 218, 219, 220, 228, 229, 230, 233, 234, 235, 238, 239, 241, 250, 252, 253, 262, 263, 265, 269, 273, 275, 278, 279, 282, 283, 284, 287, 288, 289, 292, 293, 294, 296, 297, 300, 303, 304, 307, 309, 316, 321, 322, 323, 324, 325, 326, 327, 330, 331, 332, 334, 338, 339, 343, 353, 354, 355, 357, 361, 372, 373, 376, 377, 380, 384, 385, 387, 389, 395, 399, 400, 402, 404, 405, 406, 407, 409, 413, 414, 416, 417, 418, 420, 421, 423, 424], "excluded_lines": [], "functions": {"RateLimitBucket.consume": {"executed_lines": [], "summary": {"covered_lines": 0, "num_statements": 8, "percent_covered": 0.0, "percent_covered_display": "0.00", "missing_lines": 8, "excluded_lines": 0}, "missing_lines": [56, 57, 60, 64, 67, 68, 69, 70], "excluded_lines": []}, "RateLimitBucket.reset": {"executed_lines": [], "summary": {"covered_lines": 0, "num_statements": 2, "percent_covered": 0.0, "percent_covered_display": "0.00", "missing_lines": 2, "excluded_lines": 0}, "missing_lines": [74, 75], "excluded_lines": []}, "RateLimiter.__init__": {"executed_lines": [], "summary": {"covered_lines": 0, "num_statements": 4, "percent_covered": 0.0, "percent_covered_display": "0.00", "missing_lines": 4, "excluded_lines": 0}, "missing_lines": [83, 84, 85, 86], "excluded_lines": []}, "RateLimiter.check": {"executed_lines": [], "summary": {"covered_lines": 0, "num_statements": 11, "percent_covered": 0.0, "percent_covered_display": "0.00", "missing_lines": 11, "excluded_lines": 0}, "missing_lines": [91, 92, 95, 96, 97, 100, 101, 104, 106, 107, 114], "excluded_lines": []}, "RateLimiter._get_limit_config": {"executed_lines": [], "summary": {"covered_lines": 0, "num_statements": 7, "percent_covered": 0.0, "percent_covered_display": "0.00", "missing_lines": 7, "excluded_lines": 0}, "missing_lines": [119, 120, 126, 127, 128, 129, 135], "excluded_lines": []}, "RateLimiter._get_or_create_bucket": {"executed_lines": [], "summary": {"covered_lines": 0, "num_statements": 5, "percent_covered": 0.0, "percent_covered_display": "0.00", "missing_lines": 5, "excluded_lines": 0}, "missing_lines": [139, 140, 141, 143, 149], "excluded_lines": []}, "RateLimiter._cleanup_buckets": {"executed_lines": [], "summary": {"covered_lines": 0, "num_statements": 11, "percent_covered": 0.0, "percent_covered_display": "0.00", "missing_lines": 11, "excluded_lines": 0}, "missing_lines": [153, 154, 156, 157, 158, 159, 161, 162, 164, 165, 170], "excluded_lines": []}, "IPFilter.__init__": {"executed_lines": [], "summary": {"covered_lines": 0, "num_statements": 3, "percent_covered": 0.0, "percent_covered_display": "0.00", "missing_lines": 3, "excluded_lines": 0}, "missing_lines": [178, 179, 180], "excluded_lines": []}, "IPFilter.is_allowed": {"executed_lines": [], "summary": {"covered_lines": 0, "num_statements": 18, "percent_covered": 0.0, "percent_covered_display": "0.00", "missing_lines": 18, "excluded_lines": 0}, "missing_lines": [184, 185, 187, 188, 189, 190, 191, 194, 195, 196, 197, 200, 201, 202, 203, 204, 205, 207], "excluded_lines": []}, "IPFilter._parse_ip_list": {"executed_lines": [], "summary": {"covered_lines": 0, "num_statements": 9, "percent_covered": 0.0, "percent_covered_display": "0.00", "missing_lines": 9, "excluded_lines": 0}, "missing_lines": [211, 212, 213, 215, 216, 217, 218, 219, 220], "excluded_lines": []}, "AuthMiddleware.__init__": {"executed_lines": [], "summary": {"covered_lines": 0, "num_statements": 9, "percent_covered": 0.0, "percent_covered_display": "0.00", "missing_lines": 9, "excluded_lines": 0}, "missing_lines": [228, 229, 230, 233, 234, 235, 238, 239, 241], "excluded_lines": []}, "AuthMiddleware._load_api_keys": {"executed_lines": [], "summary": {"covered_lines": 0, "num_statements": 6, "percent_covered": 0.0, "percent_covered_display": "0.00", "missing_lines": 6, "excluded_lines": 0}, "missing_lines": [250, 252, 253, 262, 263, 265], "excluded_lines": []}, "AuthMiddleware._hash_key": {"executed_lines": [], "summary": {"covered_lines": 0, "num_statements": 1, "percent_covered": 0.0, "percent_covered_display": "0.00", "missing_lines": 1, "excluded_lines": 0}, "missing_lines": [269], "excluded_lines": []}, "AuthMiddleware.authenticate": {"executed_lines": [], "summary": {"covered_lines": 0, "num_statements": 21, "percent_covered": 0.0, "percent_covered_display": "0.00", "missing_lines": 21, "excluded_lines": 0}, "missing_lines": [273, 275, 278, 279, 282, 283, 284, 287, 288, 289, 292, 293, 294, 296, 297, 300, 303, 304, 307, 309, 316], "excluded_lines": []}, "AuthMiddleware._extract_api_key": {"executed_lines": [], "summary": {"covered_lines": 0, "num_statements": 11, "percent_covered": 0.0, "percent_covered_display": "0.00", "missing_lines": 11, "excluded_lines": 0}, "missing_lines": [321, 322, 323, 324, 325, 326, 327, 330, 331, 332, 334], "excluded_lines": []}, "AuthMiddleware._validate_api_key": {"executed_lines": [], "summary": {"covered_lines": 0, "num_statements": 2, "percent_covered": 0.0, "percent_covered_display": "0.00", "missing_lines": 2, "excluded_lines": 0}, "missing_lines": [338, 339], "excluded_lines": []}, "AuthMiddleware._create_session": {"executed_lines": [], "summary": {"covered_lines": 0, "num_statements": 5, "percent_covered": 0.0, "percent_covered_display": "0.00", "missing_lines": 5, "excluded_lines": 0}, "missing_lines": [343, 353, 354, 355, 357], "excluded_lines": []}, "AuthMiddleware._create_anonymous_session": {"executed_lines": [], "summary": {"covered_lines": 0, "num_statements": 1, "percent_covered": 0.0, "percent_covered_display": "0.00", "missing_lines": 1, "excluded_lines": 0}, "missing_lines": [361], "excluded_lines": []}, "AuthMiddleware.check_permission": {"executed_lines": [], "summary": {"covered_lines": 0, "num_statements": 5, "percent_covered": 0.0, "percent_covered_display": "0.00", "missing_lines": 5, "excluded_lines": 0}, "missing_lines": [372, 373, 376, 377, 380], "excluded_lines": []}, "AuthMiddleware.create_session_token": {"executed_lines": [], "summary": {"covered_lines": 0, "num_statements": 5, "percent_covered": 0.0, "percent_covered_display": "0.00", "missing_lines": 5, "excluded_lines": 0}, "missing_lines": [384, 385, 387, 389, 395], "excluded_lines": []}, "AuthMiddleware.validate_session_token": {"executed_lines": [], "summary": {"covered_lines": 0, "num_statements": 8, "percent_covered": 0.0, "percent_covered_display": "0.00", "missing_lines": 8, "excluded_lines": 0}, "missing_lines": [399, 400, 402, 404, 405, 406, 407, 409], "excluded_lines": []}, "AuthMiddleware.cleanup_expired_tokens": {"executed_lines": [], "summary": {"covered_lines": 0, "num_statements": 9, "percent_covered": 0.0, "percent_covered_display": "0.00", "missing_lines": 9, "excluded_lines": 0}, "missing_lines": [413, 414, 416, 417, 418, 420, 421, 423, 424], "excluded_lines": []}, "": {"executed_lines": [1, 12, 13, 14, 15, 16, 17, 18, 19, 20, 21, 23, 25, 26, 28, 31, 32, 33, 35, 36, 37, 38, 39, 40, 41, 42, 45, 46, 47, 49, 50, 51, 52, 54, 72, 78, 79, 81, 88, 116, 137, 151, 173, 174, 176, 182, 209, 223, 224, 226, 248, 267, 271, 318, 336, 341, 359, 370, 382, 397, 411, 430, 431, 432, 435, 436, 437, 440, 441, 442], "summary": {"covered_lines": 61, "num_statements": 61, "percent_covered": 100.0, "percent_covered_display": "100.00", "missing_lines": 0, "excluded_lines": 0}, "missing_lines": [], "excluded_lines": []}}, "classes": {"APIKey": {"executed_lines": [], "summary": {"covered_lines": 0, "num_statements": 0, "percent_covered": 100.0, "percent_covered_display": "100.00", "missing_lines": 0, "excluded_lines": 0}, "missing_lines": [], "excluded_lines": []}, "RateLimitBucket": {"executed_lines": [], "summary": {"covered_lines": 0, "num_statements": 10, "percent_covered": 0.0, "percent_covered_display": "0.00", "missing_lines": 10, "excluded_lines": 0}, "missing_lines": [56, 57, 60, 64, 67, 68, 69, 70, 74, 75], "excluded_lines": []}, "RateLimiter": {"executed_lines": [], "summary": {"covered_lines": 0, "num_statements": 38, "percent_covered": 0.0, "percent_covered_display": "0.00", "missing_lines": 38, "excluded_lines": 0}, "missing_lines": [83, 84, 85, 86, 91, 92, 95, 96, 97, 100, 101, 104, 106, 107, 114, 119, 120, 126, 127, 128, 129, 135, 139, 140, 141, 143, 149, 153, 154, 156, 157, 158, 159, 161, 162, 164, 165, 170], "excluded_lines": []}, "IPFilter": {"executed_lines": [], "summary": {"covered_lines": 0, "num_statements": 30, "percent_covered": 0.0, "percent_covered_display": "0.00", "missing_lines": 30, "excluded_lines": 0}, "missing_lines": [178, 179, 180, 184, 185, 187, 188, 189, 190, 191, 194, 195, 196, 197, 200, 201, 202, 203, 204, 205, 207, 211, 212, 213, 215, 216, 217, 218, 219, 220], "excluded_lines": []}, "AuthMiddleware": {"executed_lines": [], "summary": {"covered_lines": 0, "num_statements": 83, "percent_covered": 0.0, "percent_covered_display": "0.00", "missing_lines": 83, "excluded_lines": 0}, "missing_lines": [228, 229, 230, 233, 234, 235, 238, 239, 241, 250, 252, 253, 262, 263, 265, 269, 273, 275, 278, 279, 282, 283, 284, 287, 288, 289, 292, 293, 294, 296, 297, 300, 303, 304, 307, 309, 316, 321, 322, 323, 324, 325, 326, 327, 330, 331, 332, 334, 338, 339, 343, 353, 354, 355, 357, 361, 372, 373, 376, 377, 380, 384, 385, 387, 389, 395, 399, 400, 402, 404, 405, 406, 407, 409, 413, 414, 416, 417, 418, 420, 421, 423, 424], "excluded_lines": []}, "AuthenticationError": {"executed_lines": [], "summary": {"covered_lines": 0, "num_statements": 0, "percent_covered": 100.0, "percent_covered_display": "100.00", "missing_lines": 0, "excluded_lines": 0}, "missing_lines": [], "excluded_lines": []}, "AuthorizationError": {"executed_lines": [], "summary": {"covered_lines": 0, "num_statements": 0, "percent_covered": 100.0, "percent_covered_display": "100.00", "missing_lines": 0, "excluded_lines": 0}, "missing_lines": [], "excluded_lines": []}, "RateLimitError": {"executed_lines": [], "summary": {"covered_lines": 0, "num_statements": 0, "percent_covered": 100.0, "percent_covered_display": "100.00", "missing_lines": 0, "excluded_lines": 0}, "missing_lines": [], "excluded_lines": []}, "": {"executed_lines": [1, 12, 13, 14, 15, 16, 17, 18, 19, 20, 21, 23, 25, 26, 28, 31, 32, 33, 35, 36, 37, 38, 39, 40, 41, 42, 45, 46, 47, 49, 50, 51, 52, 54, 72, 78, 79, 81, 88, 116, 137, 151, 173, 174, 176, 182, 209, 223, 224, 226, 248, 267, 271, 318, 336, 341, 359, 370, 382, 397, 411, 430, 431, 432, 435, 436, 437, 440, 441, 442], "summary": {"covered_lines": 61, "num_statements": 61, "percent_covered": 100.0, "percent_covered_display": "100.00", "missing_lines": 0, "excluded_lines": 0}, "missing_lines": [], "excluded_lines": []}}}, "src/api/event_bridge.py": {"executed_lines": [1, 6, 7, 9, 10, 19, 21, 24, 25, 27, 29, 30, 36, 38, 39, 41, 43, 44, 46, 52, 53, 55, 56, 59, 60, 61, 62, 63, 64, 65, 66, 67, 68, 69, 70, 73, 74, 75, 77, 83, 91, 98, 99, 101, 103, 109, 117, 124, 125, 127, 129, 135, 143, 150, 151, 153, 155, 161, 169, 176, 177, 179, 181, 187, 194, 201, 202, 204, 206, 214, 216, 224, 226, 231, 232, 234, 241, 242, 244, 246, 261, 266, 273, 280, 281, 283, 285, 290, 297, 298, 300, 302, 308, 315], "summary": {"covered_lines": 92, "num_statements": 92, "percent_covered": 100.0, "percent_covered_display": "100.00", "missing_lines": 0, "excluded_lines": 0}, "missing_lines": [], "excluded_lines": [], "functions": {"EventBridge.__init__": {"executed_lines": [29, 30], "summary": {"covered_lines": 2, "num_statements": 2, "percent_covered": 100.0, "percent_covered_display": "100.00", "missing_lines": 0, "excluded_lines": 0}, "missing_lines": [], "excluded_lines": []}, "EventBridge.start": {"executed_lines": [38, 39], "summary": {"covered_lines": 2, "num_statements": 2, "percent_covered": 100.0, "percent_covered_display": "100.00", "missing_lines": 0, "excluded_lines": 0}, "missing_lines": [], "excluded_lines": []}, "EventBridge.stop": {"executed_lines": [43, 44], "summary": {"covered_lines": 2, "num_statements": 2, "percent_covered": 100.0, "percent_covered_display": "100.00", "missing_lines": 0, "excluded_lines": 0}, "missing_lines": [], "excluded_lines": []}, "EventBridge.process_incoming_packet": {"executed_lines": [52, 53, 55, 56, 59, 60, 61, 62, 63, 64, 65, 66, 67, 68, 69, 70, 73, 74, 75], "summary": {"covered_lines": 19, "num_statements": 19, "percent_covered": 100.0, "percent_covered_display": "100.00", "missing_lines": 0, "excluded_lines": 0}, "missing_lines": [], "excluded_lines": []}, "EventBridge._process_tell": {"executed_lines": [83, 91, 98, 99, 101], "summary": {"covered_lines": 5, "num_statements": 5, "percent_covered": 100.0, "percent_covered_display": "100.00", "missing_lines": 0, "excluded_lines": 0}, "missing_lines": [], "excluded_lines": []}, "EventBridge._process_emoteto": {"executed_lines": [109, 117, 124, 125, 127], "summary": {"covered_lines": 5, "num_statements": 5, "percent_covered": 100.0, "percent_covered_display": "100.00", "missing_lines": 0, "excluded_lines": 0}, "missing_lines": [], "excluded_lines": []}, "EventBridge._process_channel_message": {"executed_lines": [135, 143, 150, 151, 153], "summary": {"covered_lines": 5, "num_statements": 5, "percent_covered": 100.0, "percent_covered_display": "100.00", "missing_lines": 0, "excluded_lines": 0}, "missing_lines": [], "excluded_lines": []}, "EventBridge._process_channel_emote": {"executed_lines": [161, 169, 176, 177, 179], "summary": {"covered_lines": 5, "num_statements": 5, "percent_covered": 100.0, "percent_covered_display": "100.00", "missing_lines": 0, "excluded_lines": 0}, "missing_lines": [], "excluded_lines": []}, "EventBridge._process_error": {"executed_lines": [187, 194, 201, 202, 204], "summary": {"covered_lines": 5, "num_statements": 5, "percent_covered": 100.0, "percent_covered_display": "100.00", "missing_lines": 0, "excluded_lines": 0}, "missing_lines": [], "excluded_lines": []}, "EventBridge._process_mudlist_update": {"executed_lines": [214], "summary": {"covered_lines": 1, "num_statements": 1, "percent_covered": 100.0, "percent_covered_display": "100.00", "missing_lines": 0, "excluded_lines": 0}, "missing_lines": [], "excluded_lines": []}, "EventBridge.notify_mud_status": {"executed_lines": [224, 226, 231, 232, 234, 241, 242, 244], "summary": {"covered_lines": 8, "num_statements": 8, "percent_covered": 100.0, "percent_covered_display": "100.00", "missing_lines": 0, "excluded_lines": 0}, "missing_lines": [], "excluded_lines": []}, "EventBridge.notify_channel_activity": {"executed_lines": [261, 266, 273, 280, 281], "summary": {"covered_lines": 5, "num_statements": 5, "percent_covered": 100.0, "percent_covered_display": "100.00", "missing_lines": 0, "excluded_lines": 0}, "missing_lines": [], "excluded_lines": []}, "EventBridge.notify_gateway_reconnect": {"executed_lines": [285, 290, 297, 298, 300], "summary": {"covered_lines": 5, "num_statements": 5, "percent_covered": 100.0, "percent_covered_display": "100.00", "missing_lines": 0, "excluded_lines": 0}, "missing_lines": [], "excluded_lines": []}, "EventBridge.get_stats": {"executed_lines": [308], "summary": {"covered_lines": 1, "num_statements": 1, "percent_covered": 100.0, "percent_covered_display": "100.00", "missing_lines": 0, "excluded_lines": 0}, "missing_lines": [], "excluded_lines": []}, "": {"executed_lines": [1, 6, 7, 9, 10, 19, 21, 24, 25, 27, 36, 41, 46, 77, 103, 129, 155, 181, 206, 216, 246, 283, 302, 315], "summary": {"covered_lines": 22, "num_statements": 22, "percent_covered": 100.0, "percent_covered_display": "100.00", "missing_lines": 0, "excluded_lines": 0}, "missing_lines": [], "excluded_lines": []}}, "classes": {"EventBridge": {"executed_lines": [29, 30, 38, 39, 43, 44, 52, 53, 55, 56, 59, 60, 61, 62, 63, 64, 65, 66, 67, 68, 69, 70, 73, 74, 75, 83, 91, 98, 99, 101, 109, 117, 124, 125, 127, 135, 143, 150, 151, 153, 161, 169, 176, 177, 179, 187, 194, 201, 202, 204, 214, 224, 226, 231, 232, 234, 241, 242, 244, 261, 266, 273, 280, 281, 285, 290, 297, 298, 300, 308], "summary": {"covered_lines": 70, "num_statements": 70, "percent_covered": 100.0, "percent_covered_display": "100.00", "missing_lines": 0, "excluded_lines": 0}, "missing_lines": [], "excluded_lines": []}, "": {"executed_lines": [1, 6, 7, 9, 10, 19, 21, 24, 25, 27, 36, 41, 46, 77, 103, 129, 155, 181, 206, 216, 246, 283, 302, 315], "summary": {"covered_lines": 22, "num_statements": 22, "percent_covered": 100.0, "percent_covered_display": "100.00", "missing_lines": 0, "excluded_lines": 0}, "missing_lines": [], "excluded_lines": []}}}, "src/api/events.py": {"executed_lines": [1, 6, 7, 8, 9, 10, 11, 13, 14, 16, 19, 20, 23, 24, 25, 26, 29, 30, 31, 32, 33, 34, 37, 38, 39, 42, 43, 44, 47, 48, 49, 51, 52, 53, 54, 55, 57, 73, 86, 87, 88, 90, 91, 92, 93, 95, 127, 128, 130, 132, 133, 134, 135, 136, 137, 138, 144, 154, 167, 186, 222, 253, 296, 312, 318, 327, 341, 351, 361, 386, 401], "summary": {"covered_lines": 66, "num_statements": 163, "percent_covered": 40.49079754601227, "percent_covered_display": "40.49", "missing_lines": 97, "excluded_lines": 0}, "missing_lines": [63, 71, 79, 80, 82, 83, 106, 107, 110, 111, 112, 113, 116, 117, 118, 121, 122, 124, 146, 147, 148, 150, 151, 152, 156, 158, 159, 160, 161, 162, 163, 165, 169, 170, 172, 178, 180, 182, 183, 184, 193, 194, 195, 196, 199, 200, 201, 202, 205, 206, 207, 212, 213, 216, 217, 218, 220, 233, 234, 237, 238, 241, 242, 243, 244, 247, 248, 249, 251, 264, 283, 286, 287, 290, 291, 294, 303, 304, 305, 307, 308, 309, 310, 316, 324, 325, 333, 334, 335, 338, 339, 348, 349, 358, 359, 379, 392], "excluded_lines": [], "functions": {"Event.to_json_rpc": {"executed_lines": [], "summary": {"covered_lines": 0, "num_statements": 2, "percent_covered": 0.0, "percent_covered_display": "0.00", "missing_lines": 2, "excluded_lines": 0}, "missing_lines": [63, 71], "excluded_lines": []}, "Event.is_expired": {"executed_lines": [], "summary": {"covered_lines": 0, "num_statements": 4, "percent_covered": 0.0, "percent_covered_display": "0.00", "missing_lines": 4, "excluded_lines": 0}, "missing_lines": [79, 80, 82, 83], "excluded_lines": []}, "EventFilter.matches": {"executed_lines": [], "summary": {"covered_lines": 0, "num_statements": 12, "percent_covered": 0.0, "percent_covered_display": "0.00", "missing_lines": 12, "excluded_lines": 0}, "missing_lines": [106, 107, 110, 111, 112, 113, 116, 117, 118, 121, 122, 124], "excluded_lines": []}, "EventDispatcher.__init__": {"executed_lines": [132, 133, 134, 135, 136, 137, 138], "summary": {"covered_lines": 7, "num_statements": 7, "percent_covered": 100.0, "percent_covered_display": "100.00", "missing_lines": 0, "excluded_lines": 0}, "missing_lines": [], "excluded_lines": []}, "EventDispatcher.start": {"executed_lines": [], "summary": {"covered_lines": 0, "num_statements": 6, "percent_covered": 0.0, "percent_covered_display": "0.00", "missing_lines": 6, "excluded_lines": 0}, "missing_lines": [146, 147, 148, 150, 151, 152], "excluded_lines": []}, "EventDispatcher.stop": {"executed_lines": [], "summary": {"covered_lines": 0, "num_statements": 8, "percent_covered": 0.0, "percent_covered_display": "0.00", "missing_lines": 8, "excluded_lines": 0}, "missing_lines": [156, 158, 159, 160, 161, 162, 163, 165], "excluded_lines": []}, "EventDispatcher._dispatch_loop": {"executed_lines": [], "summary": {"covered_lines": 0, "num_statements": 8, "percent_covered": 0.0, "percent_covered_display": "0.00", "missing_lines": 8, "excluded_lines": 0}, "missing_lines": [169, 170, 172, 178, 180, 182, 183, 184], "excluded_lines": []}, "EventDispatcher._dispatch_event": {"executed_lines": [], "summary": {"covered_lines": 0, "num_statements": 17, "percent_covered": 0.0, "percent_covered_display": "0.00", "missing_lines": 17, "excluded_lines": 0}, "missing_lines": [193, 194, 195, 196, 199, 200, 201, 202, 205, 206, 207, 212, 213, 216, 217, 218, 220], "excluded_lines": []}, "EventDispatcher._should_send_event": {"executed_lines": [], "summary": {"covered_lines": 0, "num_statements": 12, "percent_covered": 0.0, "percent_covered_display": "0.00", "missing_lines": 12, "excluded_lines": 0}, "missing_lines": [233, 234, 237, 238, 241, 242, 243, 244, 247, 248, 249, 251], "excluded_lines": []}, "EventDispatcher._check_permissions": {"executed_lines": [], "summary": {"covered_lines": 0, "num_statements": 7, "percent_covered": 0.0, "percent_covered_display": "0.00", "missing_lines": 7, "excluded_lines": 0}, "missing_lines": [264, 283, 286, 287, 290, 291, 294], "excluded_lines": []}, "EventDispatcher._send_event_to_session": {"executed_lines": [], "summary": {"covered_lines": 0, "num_statements": 7, "percent_covered": 0.0, "percent_covered_display": "0.00", "missing_lines": 7, "excluded_lines": 0}, "missing_lines": [303, 304, 305, 307, 308, 309, 310], "excluded_lines": []}, "EventDispatcher._cleanup_expired_events": {"executed_lines": [], "summary": {"covered_lines": 0, "num_statements": 1, "percent_covered": 0.0, "percent_covered_display": "0.00", "missing_lines": 1, "excluded_lines": 0}, "missing_lines": [316], "excluded_lines": []}, "EventDispatcher.register_session": {"executed_lines": [], "summary": {"covered_lines": 0, "num_statements": 2, "percent_covered": 0.0, "percent_covered_display": "0.00", "missing_lines": 2, "excluded_lines": 0}, "missing_lines": [324, 325], "excluded_lines": []}, "EventDispatcher.unregister_session": {"executed_lines": [], "summary": {"covered_lines": 0, "num_statements": 5, "percent_covered": 0.0, "percent_covered_display": "0.00", "missing_lines": 5, "excluded_lines": 0}, "missing_lines": [333, 334, 335, 338, 339], "excluded_lines": []}, "EventDispatcher.set_filter": {"executed_lines": [], "summary": {"covered_lines": 0, "num_statements": 2, "percent_covered": 0.0, "percent_covered_display": "0.00", "missing_lines": 2, "excluded_lines": 0}, "missing_lines": [348, 349], "excluded_lines": []}, "EventDispatcher.dispatch": {"executed_lines": [], "summary": {"covered_lines": 0, "num_statements": 2, "percent_covered": 0.0, "percent_covered_display": "0.00", "missing_lines": 2, "excluded_lines": 0}, "missing_lines": [358, 359], "excluded_lines": []}, "EventDispatcher.create_event": {"executed_lines": [], "summary": {"covered_lines": 0, "num_statements": 1, "percent_covered": 0.0, "percent_covered_display": "0.00", "missing_lines": 1, "excluded_lines": 0}, "missing_lines": [379], "excluded_lines": []}, "EventDispatcher.get_stats": {"executed_lines": [], "summary": {"covered_lines": 0, "num_statements": 1, "percent_covered": 0.0, "percent_covered_display": "0.00", "missing_lines": 1, "excluded_lines": 0}, "missing_lines": [392], "excluded_lines": []}, "": {"executed_lines": [1, 6, 7, 8, 9, 10, 11, 13, 14, 16, 19, 20, 23, 24, 25, 26, 29, 30, 31, 32, 33, 34, 37, 38, 39, 42, 43, 44, 47, 48, 49, 51, 52, 53, 54, 55, 57, 73, 86, 87, 88, 90, 91, 92, 93, 95, 127, 128, 130, 144, 154, 167, 186, 222, 253, 296, 312, 318, 327, 341, 351, 361, 386, 401], "summary": {"covered_lines": 59, "num_statements": 59, "percent_covered": 100.0, "percent_covered_display": "100.00", "missing_lines": 0, "excluded_lines": 0}, "missing_lines": [], "excluded_lines": []}}, "classes": {"EventType": {"executed_lines": [], "summary": {"covered_lines": 0, "num_statements": 0, "percent_covered": 100.0, "percent_covered_display": "100.00", "missing_lines": 0, "excluded_lines": 0}, "missing_lines": [], "excluded_lines": []}, "Event": {"executed_lines": [], "summary": {"covered_lines": 0, "num_statements": 6, "percent_covered": 0.0, "percent_covered_display": "0.00", "missing_lines": 6, "excluded_lines": 0}, "missing_lines": [63, 71, 79, 80, 82, 83], "excluded_lines": []}, "EventFilter": {"executed_lines": [], "summary": {"covered_lines": 0, "num_statements": 12, "percent_covered": 0.0, "percent_covered_display": "0.00", "missing_lines": 12, "excluded_lines": 0}, "missing_lines": [106, 107, 110, 111, 112, 113, 116, 117, 118, 121, 122, 124], "excluded_lines": []}, "EventDispatcher": {"executed_lines": [132, 133, 134, 135, 136, 137, 138], "summary": {"covered_lines": 7, "num_statements": 86, "percent_covered": 8.13953488372093, "percent_covered_display": "8.14", "missing_lines": 79, "excluded_lines": 0}, "missing_lines": [146, 147, 148, 150, 151, 152, 156, 158, 159, 160, 161, 162, 163, 165, 169, 170, 172, 178, 180, 182, 183, 184, 193, 194, 195, 196, 199, 200, 201, 202, 205, 206, 207, 212, 213, 216, 217, 218, 220, 233, 234, 237, 238, 241, 242, 243, 244, 247, 248, 249, 251, 264, 283, 286, 287, 290, 291, 294, 303, 304, 305, 307, 308, 309, 310, 316, 324, 325, 333, 334, 335, 338, 339, 348, 349, 358, 359, 379, 392], "excluded_lines": []}, "": {"executed_lines": [1, 6, 7, 8, 9, 10, 11, 13, 14, 16, 19, 20, 23, 24, 25, 26, 29, 30, 31, 32, 33, 34, 37, 38, 39, 42, 43, 44, 47, 48, 49, 51, 52, 53, 54, 55, 57, 73, 86, 87, 88, 90, 91, 92, 93, 95, 127, 128, 130, 144, 154, 167, 186, 222, 253, 296, 312, 318, 327, 341, 351, 361, 386, 401], "summary": {"covered_lines": 59, "num_statements": 59, "percent_covered": 100.0, "percent_covered_display": "100.00", "missing_lines": 0, "excluded_lines": 0}, "missing_lines": [], "excluded_lines": []}}}, "src/api/protocol.py": {"executed_lines": [1, 7, 8, 9, 10, 11, 13, 15, 18, 19, 21, 22, 23, 24, 25, 28, 29, 30, 31, 32, 35, 36, 37, 39, 40, 41, 42, 44, 46, 49, 50, 51, 53, 54, 55, 56, 58, 60, 62, 63, 65, 66, 67, 68, 72, 75, 76, 77, 79, 81, 85, 90, 91, 93, 95, 97, 109, 110, 111, 112, 115, 118, 120, 133, 137, 138, 139, 142, 143, 144, 146, 150, 151, 152, 156, 157, 158, 161, 168, 201, 211, 215, 219, 221, 239, 244, 245, 247, 251, 253, 274, 288, 291, 292, 294, 297, 299, 300, 301, 304, 305, 306, 307, 310, 312, 322, 324, 325, 341, 351, 356, 357, 359, 361, 377, 380, 386, 387, 389], "summary": {"covered_lines": 113, "num_statements": 154, "percent_covered": 73.37662337662337, "percent_covered_display": "73.38", "missing_lines": 41, "excluded_lines": 0}, "missing_lines": [70, 83, 87, 116, 134, 147, 153, 159, 180, 181, 183, 185, 186, 187, 188, 189, 191, 193, 199, 213, 263, 269, 270, 272, 289, 295, 308, 326, 327, 328, 329, 330, 331, 332, 333, 334, 335, 336, 337, 339, 378], "excluded_lines": [], "functions": {"JSONRPCRequest.is_notification": {"executed_lines": [46], "summary": {"covered_lines": 1, "num_statements": 1, "percent_covered": 100.0, "percent_covered_display": "100.00", "missing_lines": 0, "excluded_lines": 0}, "missing_lines": [], "excluded_lines": []}, "JSONRPCResponse.to_json": {"executed_lines": [60, 62, 63, 65, 66, 67, 68, 72], "summary": {"covered_lines": 8, "num_statements": 9, "percent_covered": 88.88888888888889, "percent_covered_display": "88.89", "missing_lines": 1, "excluded_lines": 0}, "missing_lines": [70], "excluded_lines": []}, "JSONRPCBatch.add_request": {"executed_lines": [], "summary": {"covered_lines": 0, "num_statements": 1, "percent_covered": 0.0, "percent_covered_display": "0.00", "missing_lines": 1, "excluded_lines": 0}, "missing_lines": [83], "excluded_lines": []}, "JSONRPCBatch.is_empty": {"executed_lines": [], "summary": {"covered_lines": 0, "num_statements": 1, "percent_covered": 0.0, "percent_covered_display": "0.00", "missing_lines": 1, "excluded_lines": 0}, "missing_lines": [87], "excluded_lines": []}, "JSONRPCProtocol.__init__": {"executed_lines": [95], "summary": {"covered_lines": 1, "num_statements": 1, "percent_covered": 100.0, "percent_covered_display": "100.00", "missing_lines": 0, "excluded_lines": 0}, "missing_lines": [], "excluded_lines": []}, "JSONRPCProtocol.parse_request": {"executed_lines": [109, 110, 111, 112, 115, 118], "summary": {"covered_lines": 6, "num_statements": 7, "percent_covered": 85.71428571428571, "percent_covered_display": "85.71", "missing_lines": 1, "excluded_lines": 0}, "missing_lines": [116], "excluded_lines": []}, "JSONRPCProtocol._parse_single": {"executed_lines": [133, 137, 138, 139, 142, 143, 144, 146, 150, 151, 152, 156, 157, 158, 161], "summary": {"covered_lines": 15, "num_statements": 19, "percent_covered": 78.94736842105263, "percent_covered_display": "78.95", "missing_lines": 4, "excluded_lines": 0}, "missing_lines": [134, 147, 153, 159], "excluded_lines": []}, "JSONRPCProtocol._parse_batch": {"executed_lines": [], "summary": {"covered_lines": 0, "num_statements": 11, "percent_covered": 0.0, "percent_covered_display": "0.00", "missing_lines": 11, "excluded_lines": 0}, "missing_lines": [180, 181, 183, 185, 186, 187, 188, 189, 191, 193, 199], "excluded_lines": []}, "JSONRPCProtocol.format_response": {"executed_lines": [211, 215, 219], "summary": {"covered_lines": 3, "num_statements": 4, "percent_covered": 75.0, "percent_covered_display": "75.00", "missing_lines": 1, "excluded_lines": 0}, "missing_lines": [213], "excluded_lines": []}, "JSONRPCProtocol.format_error": {"executed_lines": [239, 244, 245, 247, 251], "summary": {"covered_lines": 5, "num_statements": 5, "percent_covered": 100.0, "percent_covered_display": "100.00", "missing_lines": 0, "excluded_lines": 0}, "missing_lines": [], "excluded_lines": []}, "JSONRPCProtocol.format_batch_response": {"executed_lines": [], "summary": {"covered_lines": 0, "num_statements": 4, "percent_covered": 0.0, "percent_covered_display": "0.00", "missing_lines": 4, "excluded_lines": 0}, "missing_lines": [263, 269, 270, 272], "excluded_lines": []}, "JSONRPCProtocol.validate_params": {"executed_lines": [288, 291, 292, 294, 297, 299, 300, 301, 304, 305, 306, 307, 310], "summary": {"covered_lines": 13, "num_statements": 16, "percent_covered": 81.25, "percent_covered_display": "81.25", "missing_lines": 3, "excluded_lines": 0}, "missing_lines": [289, 295, 308], "excluded_lines": []}, "JSONRPCProtocol._validate_type": {"executed_lines": [322, 324, 325], "summary": {"covered_lines": 3, "num_statements": 16, "percent_covered": 18.75, "percent_covered_display": "18.75", "missing_lines": 13, "excluded_lines": 0}, "missing_lines": [326, 327, 328, 329, 330, 331, 332, 333, 334, 335, 336, 337, 339], "excluded_lines": []}, "JSONRPCProtocol.create_notification": {"executed_lines": [351, 356, 357, 359], "summary": {"covered_lines": 4, "num_statements": 4, "percent_covered": 100.0, "percent_covered_display": "100.00", "missing_lines": 0, "excluded_lines": 0}, "missing_lines": [], "excluded_lines": []}, "JSONRPCProtocol.create_request": {"executed_lines": [377, 380, 386, 387, 389], "summary": {"covered_lines": 5, "num_statements": 6, "percent_covered": 83.33333333333333, "percent_covered_display": "83.33", "missing_lines": 1, "excluded_lines": 0}, "missing_lines": [378], "excluded_lines": []}, "": {"executed_lines": [1, 7, 8, 9, 10, 11, 13, 15, 18, 19, 21, 22, 23, 24, 25, 28, 29, 30, 31, 32, 35, 36, 37, 39, 40, 41, 42, 44, 49, 50, 51, 53, 54, 55, 56, 58, 75, 76, 77, 79, 81, 85, 90, 91, 93, 97, 120, 168, 201, 221, 253, 274, 312, 341, 361], "summary": {"covered_lines": 49, "num_statements": 49, "percent_covered": 100.0, "percent_covered_display": "100.00", "missing_lines": 0, "excluded_lines": 0}, "missing_lines": [], "excluded_lines": []}}, "classes": {"JSONRPCError": {"executed_lines": [], "summary": {"covered_lines": 0, "num_statements": 0, "percent_covered": 100.0, "percent_covered_display": "100.00", "missing_lines": 0, "excluded_lines": 0}, "missing_lines": [], "excluded_lines": []}, "JSONRPCRequest": {"executed_lines": [46], "summary": {"covered_lines": 1, "num_statements": 1, "percent_covered": 100.0, "percent_covered_display": "100.00", "missing_lines": 0, "excluded_lines": 0}, "missing_lines": [], "excluded_lines": []}, "JSONRPCResponse": {"executed_lines": [60, 62, 63, 65, 66, 67, 68, 72], "summary": {"covered_lines": 8, "num_statements": 9, "percent_covered": 88.88888888888889, "percent_covered_display": "88.89", "missing_lines": 1, "excluded_lines": 0}, "missing_lines": [70], "excluded_lines": []}, "JSONRPCBatch": {"executed_lines": [], "summary": {"covered_lines": 0, "num_statements": 2, "percent_covered": 0.0, "percent_covered_display": "0.00", "missing_lines": 2, "excluded_lines": 0}, "missing_lines": [83, 87], "excluded_lines": []}, "JSONRPCProtocol": {"executed_lines": [95, 109, 110, 111, 112, 115, 118, 133, 137, 138, 139, 142, 143, 144, 146, 150, 151, 152, 156, 157, 158, 161, 211, 215, 219, 239, 244, 245, 247, 251, 288, 291, 292, 294, 297, 299, 300, 301, 304, 305, 306, 307, 310, 322, 324, 325, 351, 356, 357, 359, 377, 380, 386, 387, 389], "summary": {"covered_lines": 55, "num_statements": 93, "percent_covered": 59.13978494623656, "percent_covered_display": "59.14", "missing_lines": 38, "excluded_lines": 0}, "missing_lines": [116, 134, 147, 153, 159, 180, 181, 183, 185, 186, 187, 188, 189, 191, 193, 199, 213, 263, 269, 270, 272, 289, 295, 308, 326, 327, 328, 329, 330, 331, 332, 333, 334, 335, 336, 337, 339, 378], "excluded_lines": []}, "": {"executed_lines": [1, 7, 8, 9, 10, 11, 13, 15, 18, 19, 21, 22, 23, 24, 25, 28, 29, 30, 31, 32, 35, 36, 37, 39, 40, 41, 42, 44, 49, 50, 51, 53, 54, 55, 56, 58, 75, 76, 77, 79, 81, 85, 90, 91, 93, 97, 120, 168, 201, 221, 253, 274, 312, 341, 361], "summary": {"covered_lines": 49, "num_statements": 49, "percent_covered": 100.0, "percent_covered_display": "100.00", "missing_lines": 0, "excluded_lines": 0}, "missing_lines": [], "excluded_lines": []}}}, "src/api/queue.py": {"executed_lines": [1, 6, 7, 8, 9, 10, 11, 12, 14, 16, 19, 20, 21, 23, 24, 25, 26, 27, 28, 29, 31, 37, 38, 40, 41, 43, 45, 46, 49, 51, 53, 57, 63, 65, 67, 70, 71, 73, 79, 80, 83, 85, 94, 96, 98, 100, 103, 104, 105, 107, 109, 116, 117, 120, 121, 122, 123, 124, 127, 128, 129, 131, 133, 139, 140, 143, 144, 145, 149, 151, 153, 159, 161, 167, 169, 175, 177, 179, 180, 181, 183, 185, 186, 189, 190, 191, 192, 196, 198, 205, 206, 207, 208, 209, 210, 214, 220, 227, 228, 229, 230, 232, 235, 236, 238, 251, 252, 253, 256, 259, 262, 263, 264, 267, 276, 277, 279, 281, 284, 285, 286, 287, 289, 291, 293, 294, 295, 296, 297, 298, 299, 301, 302, 303, 304, 305, 306, 307, 309, 311, 313, 314, 315, 317, 320, 322, 323, 324, 325, 326, 329, 338, 339, 340, 342, 360, 361, 368, 369, 370, 371, 373, 386, 424, 443, 449, 450, 452, 453, 458, 460, 462, 467, 468, 469, 471, 477, 478, 479, 481, 483, 484, 485, 487, 490, 493, 494, 496, 497, 500, 501, 504, 506, 507, 509, 510, 511, 512, 514, 515, 516, 519, 520, 521, 522, 524, 525, 530, 531, 532, 534, 559, 577, 591, 601, 615, 622, 623, 625, 626, 627, 629, 660, 682], "summary": {"covered_lines": 220, "num_statements": 298, "percent_covered": 73.8255033557047, "percent_covered_display": "73.83", "missing_lines": 78, "excluded_lines": 0}, "missing_lines": [47, 52, 101, 146, 147, 194, 212, 282, 316, 318, 327, 375, 377, 378, 379, 380, 382, 383, 384, 405, 406, 409, 416, 417, 418, 420, 421, 422, 433, 434, 436, 437, 438, 439, 441, 498, 527, 544, 545, 547, 548, 550, 551, 552, 553, 555, 557, 568, 569, 571, 572, 573, 575, 586, 587, 589, 597, 598, 599, 607, 608, 610, 611, 613, 638, 639, 641, 642, 644, 645, 646, 648, 654, 656, 658, 666, 667, 669], "excluded_lines": [], "functions": {"QueuedMessage.is_expired": {"executed_lines": [37, 38, 40, 41], "summary": {"covered_lines": 4, "num_statements": 4, "percent_covered": 100.0, "percent_covered_display": "100.00", "missing_lines": 0, "excluded_lines": 0}, "missing_lines": [], "excluded_lines": []}, "QueuedMessage.__lt__": {"executed_lines": [45, 46], "summary": {"covered_lines": 2, "num_statements": 3, "percent_covered": 66.66666666666667, "percent_covered_display": "66.67", "missing_lines": 1, "excluded_lines": 0}, "missing_lines": [47], "excluded_lines": []}, "QueuedMessage.__eq__": {"executed_lines": [51, 53], "summary": {"covered_lines": 2, "num_statements": 3, "percent_covered": 66.66666666666667, "percent_covered_display": "66.67", "missing_lines": 1, "excluded_lines": 0}, "missing_lines": [52], "excluded_lines": []}, "QueuedMessage.can_retry": {"executed_lines": [63], "summary": {"covered_lines": 1, "num_statements": 1, "percent_covered": 100.0, "percent_covered_display": "100.00", "missing_lines": 0, "excluded_lines": 0}, "missing_lines": [], "excluded_lines": []}, "QueuedMessage.increment_retry": {"executed_lines": [67], "summary": {"covered_lines": 1, "num_statements": 1, "percent_covered": 100.0, "percent_covered_display": "100.00", "missing_lines": 0, "excluded_lines": 0}, "missing_lines": [], "excluded_lines": []}, "PriorityMessageQueue.__init__": {"executed_lines": [79, 80, 83], "summary": {"covered_lines": 3, "num_statements": 3, "percent_covered": 100.0, "percent_covered_display": "100.00", "missing_lines": 0, "excluded_lines": 0}, "missing_lines": [], "excluded_lines": []}, "PriorityMessageQueue.put": {"executed_lines": [94, 96, 98, 100, 103, 104, 105, 107], "summary": {"covered_lines": 8, "num_statements": 9, "percent_covered": 88.88888888888889, "percent_covered_display": "88.89", "missing_lines": 1, "excluded_lines": 0}, "missing_lines": [101], "excluded_lines": []}, "PriorityMessageQueue.get": {"executed_lines": [116, 117, 120, 121, 122, 123, 124, 127, 128, 129, 131], "summary": {"covered_lines": 11, "num_statements": 11, "percent_covered": 100.0, "percent_covered_display": "100.00", "missing_lines": 0, "excluded_lines": 0}, "missing_lines": [], "excluded_lines": []}, "PriorityMessageQueue.peek": {"executed_lines": [139, 140, 143, 144, 145, 149, 151], "summary": {"covered_lines": 7, "num_statements": 9, "percent_covered": 77.77777777777777, "percent_covered_display": "77.78", "missing_lines": 2, "excluded_lines": 0}, "missing_lines": [146, 147], "excluded_lines": []}, "PriorityMessageQueue.size": {"executed_lines": [159], "summary": {"covered_lines": 1, "num_statements": 1, "percent_covered": 100.0, "percent_covered_display": "100.00", "missing_lines": 0, "excluded_lines": 0}, "missing_lines": [], "excluded_lines": []}, "PriorityMessageQueue.is_empty": {"executed_lines": [167], "summary": {"covered_lines": 1, "num_statements": 1, "percent_covered": 100.0, "percent_covered_display": "100.00", "missing_lines": 0, "excluded_lines": 0}, "missing_lines": [], "excluded_lines": []}, "PriorityMessageQueue.is_full": {"executed_lines": [175], "summary": {"covered_lines": 1, "num_statements": 1, "percent_covered": 100.0, "percent_covered_display": "100.00", "missing_lines": 0, "excluded_lines": 0}, "missing_lines": [], "excluded_lines": []}, "PriorityMessageQueue.clear": {"executed_lines": [179, 180, 181], "summary": {"covered_lines": 3, "num_statements": 3, "percent_covered": 100.0, "percent_covered_display": "100.00", "missing_lines": 0, "excluded_lines": 0}, "missing_lines": [], "excluded_lines": []}, "PriorityMessageQueue._cleanup_expired": {"executed_lines": [185, 186, 189, 190, 191, 192, 196], "summary": {"covered_lines": 7, "num_statements": 8, "percent_covered": 87.5, "percent_covered_display": "87.50", "missing_lines": 1, "excluded_lines": 0}, "missing_lines": [194], "excluded_lines": []}, "PriorityMessageQueue._drop_lowest_priority": {"executed_lines": [205, 206, 207, 208, 209, 210], "summary": {"covered_lines": 6, "num_statements": 7, "percent_covered": 85.71428571428571, "percent_covered_display": "85.71", "missing_lines": 1, "excluded_lines": 0}, "missing_lines": [212], "excluded_lines": []}, "PriorityMessageQueue.get_stats": {"executed_lines": [220, 227, 228, 229, 230, 232], "summary": {"covered_lines": 6, "num_statements": 6, "percent_covered": 100.0, "percent_covered_display": "100.00", "missing_lines": 0, "excluded_lines": 0}, "missing_lines": [], "excluded_lines": []}, "MessageQueueManager.__init__": {"executed_lines": [251, 252, 253, 256, 259, 262, 263, 264, 267, 276, 277], "summary": {"covered_lines": 11, "num_statements": 11, "percent_covered": 100.0, "percent_covered_display": "100.00", "missing_lines": 0, "excluded_lines": 0}, "missing_lines": [], "excluded_lines": []}, "MessageQueueManager.start": {"executed_lines": [281, 284, 285, 286, 287], "summary": {"covered_lines": 5, "num_statements": 6, "percent_covered": 83.33333333333333, "percent_covered_display": "83.33", "missing_lines": 1, "excluded_lines": 0}, "missing_lines": [282], "excluded_lines": []}, "MessageQueueManager.stop": {"executed_lines": [291, 293, 294, 295, 296, 297, 298, 299, 301, 302, 303, 304, 305, 306, 307, 309], "summary": {"covered_lines": 16, "num_statements": 16, "percent_covered": 100.0, "percent_covered_display": "100.00", "missing_lines": 0, "excluded_lines": 0}, "missing_lines": [], "excluded_lines": []}, "MessageQueueManager._cleanup_loop": {"executed_lines": [313, 314, 315, 317], "summary": {"covered_lines": 4, "num_statements": 6, "percent_covered": 66.66666666666667, "percent_covered_display": "66.67", "missing_lines": 2, "excluded_lines": 0}, "missing_lines": [316, 318], "excluded_lines": []}, "MessageQueueManager._process_loop": {"executed_lines": [322, 323, 324, 325, 326], "summary": {"covered_lines": 5, "num_statements": 6, "percent_covered": 83.33333333333333, "percent_covered_display": "83.33", "missing_lines": 1, "excluded_lines": 0}, "missing_lines": [327], "excluded_lines": []}, "MessageQueueManager.get_or_create_queue": {"executed_lines": [338, 339, 340], "summary": {"covered_lines": 3, "num_statements": 3, "percent_covered": 100.0, "percent_covered_display": "100.00", "missing_lines": 0, "excluded_lines": 0}, "missing_lines": [], "excluded_lines": []}, "MessageQueueManager.enqueue_message": {"executed_lines": [360, 361, 368, 369, 370, 371], "summary": {"covered_lines": 6, "num_statements": 6, "percent_covered": 100.0, "percent_covered_display": "100.00", "missing_lines": 0, "excluded_lines": 0}, "missing_lines": [], "excluded_lines": []}, "MessageQueueManager._cleanup_all_queues": {"executed_lines": [], "summary": {"covered_lines": 0, "num_statements": 8, "percent_covered": 0.0, "percent_covered_display": "0.00", "missing_lines": 8, "excluded_lines": 0}, "missing_lines": [375, 377, 378, 379, 380, 382, 383, 384], "excluded_lines": []}, "MessageQueueManager.queue_message": {"executed_lines": [], "summary": {"covered_lines": 0, "num_statements": 9, "percent_covered": 0.0, "percent_covered_display": "0.00", "missing_lines": 9, "excluded_lines": 0}, "missing_lines": [405, 406, 409, 416, 417, 418, 420, 421, 422], "excluded_lines": []}, "MessageQueueManager.get_message": {"executed_lines": [], "summary": {"covered_lines": 0, "num_statements": 7, "percent_covered": 0.0, "percent_covered_display": "0.00", "missing_lines": 7, "excluded_lines": 0}, "missing_lines": [433, 434, 436, 437, 438, 439, 441], "excluded_lines": []}, "MessageQueueManager.get_queue_stats": {"executed_lines": [449, 450, 452, 453, 458], "summary": {"covered_lines": 5, "num_statements": 5, "percent_covered": 100.0, "percent_covered_display": "100.00", "missing_lines": 0, "excluded_lines": 0}, "missing_lines": [], "excluded_lines": []}, "MessageQueueManager.cleanup_empty_queues": {"executed_lines": [462, 467, 468, 469], "summary": {"covered_lines": 4, "num_statements": 4, "percent_covered": 100.0, "percent_covered_display": "100.00", "missing_lines": 0, "excluded_lines": 0}, "missing_lines": [], "excluded_lines": []}, "MessageQueueManager.remove_session_queue": {"executed_lines": [477, 478, 479], "summary": {"covered_lines": 3, "num_statements": 3, "percent_covered": 100.0, "percent_covered_display": "100.00", "missing_lines": 0, "excluded_lines": 0}, "missing_lines": [], "excluded_lines": []}, "MessageQueueManager.clear_all_queues": {"executed_lines": [483, 484, 485], "summary": {"covered_lines": 3, "num_statements": 3, "percent_covered": 100.0, "percent_covered_display": "100.00", "missing_lines": 0, "excluded_lines": 0}, "missing_lines": [], "excluded_lines": []}, "MessageQueueManager.process_queues": {"executed_lines": [490, 493, 494, 496, 497, 500, 501, 504, 506, 507, 509, 510, 511, 512, 514, 515, 516, 519, 520, 521, 522, 524, 525, 530, 531, 532], "summary": {"covered_lines": 26, "num_statements": 28, "percent_covered": 92.85714285714286, "percent_covered_display": "92.86", "missing_lines": 2, "excluded_lines": 0}, "missing_lines": [498, 527], "excluded_lines": []}, "MessageQueueManager.get_all_messages": {"executed_lines": [], "summary": {"covered_lines": 0, "num_statements": 10, "percent_covered": 0.0, "percent_covered_display": "0.00", "missing_lines": 10, "excluded_lines": 0}, "missing_lines": [544, 545, 547, 548, 550, 551, 552, 553, 555, 557], "excluded_lines": []}, "MessageQueueManager.peek_message": {"executed_lines": [], "summary": {"covered_lines": 0, "num_statements": 6, "percent_covered": 0.0, "percent_covered_display": "0.00", "missing_lines": 6, "excluded_lines": 0}, "missing_lines": [568, 569, 571, 572, 573, 575], "excluded_lines": []}, "MessageQueueManager.get_queue_size": {"executed_lines": [], "summary": {"covered_lines": 0, "num_statements": 3, "percent_covered": 0.0, "percent_covered_display": "0.00", "missing_lines": 3, "excluded_lines": 0}, "missing_lines": [586, 587, 589], "excluded_lines": []}, "MessageQueueManager.clear_queue": {"executed_lines": [], "summary": {"covered_lines": 0, "num_statements": 3, "percent_covered": 0.0, "percent_covered_display": "0.00", "missing_lines": 3, "excluded_lines": 0}, "missing_lines": [597, 598, 599], "excluded_lines": []}, "MessageQueueManager.remove_session": {"executed_lines": [], "summary": {"covered_lines": 0, "num_statements": 5, "percent_covered": 0.0, "percent_covered_display": "0.00", "missing_lines": 5, "excluded_lines": 0}, "missing_lines": [607, 608, 610, 611, 613], "excluded_lines": []}, "MessageQueueManager.add_retry_message": {"executed_lines": [622, 623, 625, 626, 627], "summary": {"covered_lines": 5, "num_statements": 5, "percent_covered": 100.0, "percent_covered_display": "100.00", "missing_lines": 0, "excluded_lines": 0}, "missing_lines": [], "excluded_lines": []}, "MessageQueueManager.process_retries": {"executed_lines": [], "summary": {"covered_lines": 0, "num_statements": 11, "percent_covered": 0.0, "percent_covered_display": "0.00", "missing_lines": 11, "excluded_lines": 0}, "missing_lines": [638, 639, 641, 642, 644, 645, 646, 648, 654, 656, 658], "excluded_lines": []}, "MessageQueueManager.get_stats": {"executed_lines": [], "summary": {"covered_lines": 0, "num_statements": 3, "percent_covered": 0.0, "percent_covered_display": "0.00", "missing_lines": 3, "excluded_lines": 0}, "missing_lines": [666, 667, 669], "excluded_lines": []}, "": {"executed_lines": [1, 6, 7, 8, 9, 10, 11, 12, 14, 16, 19, 20, 21, 23, 24, 25, 26, 27, 28, 29, 31, 43, 49, 57, 65, 70, 71, 73, 85, 109, 133, 153, 161, 169, 177, 183, 198, 214, 235, 236, 238, 279, 289, 311, 320, 329, 342, 373, 386, 424, 443, 460, 471, 481, 487, 534, 559, 577, 591, 601, 615, 629, 660, 682], "summary": {"covered_lines": 60, "num_statements": 60, "percent_covered": 100.0, "percent_covered_display": "100.00", "missing_lines": 0, "excluded_lines": 0}, "missing_lines": [], "excluded_lines": []}}, "classes": {"QueuedMessage": {"executed_lines": [37, 38, 40, 41, 45, 46, 51, 53, 63, 67], "summary": {"covered_lines": 10, "num_statements": 12, "percent_covered": 83.33333333333333, "percent_covered_display": "83.33", "missing_lines": 2, "excluded_lines": 0}, "missing_lines": [47, 52], "excluded_lines": []}, "PriorityMessageQueue": {"executed_lines": [79, 80, 83, 94, 96, 98, 100, 103, 104, 105, 107, 116, 117, 120, 121, 122, 123, 124, 127, 128, 129, 131, 139, 140, 143, 144, 145, 149, 151, 159, 167, 175, 179, 180, 181, 185, 186, 189, 190, 191, 192, 196, 205, 206, 207, 208, 209, 210, 220, 227, 228, 229, 230, 232], "summary": {"covered_lines": 54, "num_statements": 59, "percent_covered": 91.52542372881356, "percent_covered_display": "91.53", "missing_lines": 5, "excluded_lines": 0}, "missing_lines": [101, 146, 147, 194, 212], "excluded_lines": []}, "MessageQueueManager": {"executed_lines": [251, 252, 253, 256, 259, 262, 263, 264, 267, 276, 277, 281, 284, 285, 286, 287, 291, 293, 294, 295, 296, 297, 298, 299, 301, 302, 303, 304, 305, 306, 307, 309, 313, 314, 315, 317, 322, 323, 324, 325, 326, 338, 339, 340, 360, 361, 368, 369, 370, 371, 449, 450, 452, 453, 458, 462, 467, 468, 469, 477, 478, 479, 483, 484, 485, 490, 493, 494, 496, 497, 500, 501, 504, 506, 507, 509, 510, 511, 512, 514, 515, 516, 519, 520, 521, 522, 524, 525, 530, 531, 532, 622, 623, 625, 626, 627], "summary": {"covered_lines": 96, "num_statements": 167, "percent_covered": 57.48502994011976, "percent_covered_display": "57.49", "missing_lines": 71, "excluded_lines": 0}, "missing_lines": [282, 316, 318, 327, 375, 377, 378, 379, 380, 382, 383, 384, 405, 406, 409, 416, 417, 418, 420, 421, 422, 433, 434, 436, 437, 438, 439, 441, 498, 527, 544, 545, 547, 548, 550, 551, 552, 553, 555, 557, 568, 569, 571, 572, 573, 575, 586, 587, 589, 597, 598, 599, 607, 608, 610, 611, 613, 638, 639, 641, 642, 644, 645, 646, 648, 654, 656, 658, 666, 667, 669], "excluded_lines": []}, "": {"executed_lines": [1, 6, 7, 8, 9, 10, 11, 12, 14, 16, 19, 20, 21, 23, 24, 25, 26, 27, 28, 29, 31, 43, 49, 57, 65, 70, 71, 73, 85, 109, 133, 153, 161, 169, 177, 183, 198, 214, 235, 236, 238, 279, 289, 311, 320, 329, 342, 373, 386, 424, 443, 460, 471, 481, 487, 534, 559, 577, 591, 601, 615, 629, 660, 682], "summary": {"covered_lines": 60, "num_statements": 60, "percent_covered": 100.0, "percent_covered_display": "100.00", "missing_lines": 0, "excluded_lines": 0}, "missing_lines": [], "excluded_lines": []}}}, "src/api/server.py": {"executed_lines": [1, 7, 8, 9, 10, 11, 12, 14, 15, 16, 18, 19, 20, 21, 22, 23, 24, 25, 26, 28, 31, 32, 34, 41, 42, 43, 44, 45, 48, 49, 52, 55, 56, 58, 65, 67, 69, 70, 71, 73, 76, 79, 82, 85, 86, 89, 94, 96, 106, 110, 111, 112, 118, 120, 123, 126, 130, 131, 134, 135, 138, 141, 142, 143, 145, 147, 150, 151, 154, 155, 156, 159, 162, 164, 166, 167, 168, 169, 179, 181, 289, 296, 298, 301, 304, 305, 310, 311, 314, 315, 316, 321, 322, 325, 328, 329, 340, 351, 355, 357, 359, 361, 363, 370, 375, 377, 378, 379, 380, 384, 386, 389, 391, 392, 393, 394, 395, 396, 397, 399, 403, 405, 406, 408, 409, 410, 413, 417, 419, 426, 428, 430, 432, 433, 434, 439, 441, 450, 452, 454], "summary": {"covered_lines": 138, "num_statements": 206, "percent_covered": 66.99029126213593, "percent_covered_display": "66.99", "missing_lines": 68, "excluded_lines": 0}, "missing_lines": [107, 114, 115, 116, 127, 170, 171, 172, 173, 174, 190, 191, 194, 197, 199, 201, 203, 205, 206, 209, 211, 214, 215, 216, 218, 221, 222, 223, 224, 225, 228, 231, 235, 236, 239, 244, 245, 247, 250, 255, 257, 258, 263, 264, 265, 266, 271, 273, 274, 278, 279, 281, 282, 284, 285, 287, 331, 332, 333, 338, 373, 381, 382, 387, 400, 401, 414, 415], "excluded_lines": [], "functions": {"APIServer.__init__": {"executed_lines": [41, 42, 43, 44, 45, 48, 49, 52, 55, 56, 58], "summary": {"covered_lines": 11, "num_statements": 11, "percent_covered": 100.0, "percent_covered_display": "100.00", "missing_lines": 0, "excluded_lines": 0}, "missing_lines": [], "excluded_lines": []}, "APIServer.start": {"executed_lines": [67, 69, 70, 71, 73, 76, 79, 82, 85, 86, 89, 94, 96, 106, 110, 111, 112], "summary": {"covered_lines": 17, "num_statements": 21, "percent_covered": 80.95238095238095, "percent_covered_display": "80.95", "missing_lines": 4, "excluded_lines": 0}, "missing_lines": [107, 114, 115, 116], "excluded_lines": []}, "APIServer.stop": {"executed_lines": [120, 123, 126, 130, 131, 134, 135, 138, 141, 142, 143, 145], "summary": {"covered_lines": 12, "num_statements": 13, "percent_covered": 92.3076923076923, "percent_covered_display": "92.31", "missing_lines": 1, "excluded_lines": 0}, "missing_lines": [127], "excluded_lines": []}, "APIServer._setup_routes": {"executed_lines": [150, 151, 154, 155, 156, 159, 162], "summary": {"covered_lines": 7, "num_statements": 7, "percent_covered": 100.0, "percent_covered_display": "100.00", "missing_lines": 0, "excluded_lines": 0}, "missing_lines": [], "excluded_lines": []}, "APIServer._setup_middleware": {"executed_lines": [166, 167, 179], "summary": {"covered_lines": 3, "num_statements": 3, "percent_covered": 100.0, "percent_covered_display": "100.00", "missing_lines": 0, "excluded_lines": 0}, "missing_lines": [], "excluded_lines": []}, "APIServer._setup_middleware.error_middleware": {"executed_lines": [168, 169], "summary": {"covered_lines": 2, "num_statements": 7, "percent_covered": 28.571428571428573, "percent_covered_display": "28.57", "missing_lines": 5, "excluded_lines": 0}, "missing_lines": [170, 171, 172, 173, 174], "excluded_lines": []}, "APIServer.handle_websocket": {"executed_lines": [], "summary": {"covered_lines": 0, "num_statements": 46, "percent_covered": 0.0, "percent_covered_display": "0.00", "missing_lines": 46, "excluded_lines": 0}, "missing_lines": [190, 191, 194, 197, 199, 201, 203, 205, 206, 209, 211, 214, 215, 216, 218, 221, 222, 223, 224, 225, 228, 231, 235, 236, 239, 244, 245, 247, 250, 255, 257, 258, 263, 264, 265, 266, 271, 273, 274, 278, 279, 281, 282, 284, 285, 287], "excluded_lines": []}, "APIServer.process_message": {"executed_lines": [296, 298, 301, 304, 305, 310, 311, 314, 315, 316, 321, 322, 325, 328, 329], "summary": {"covered_lines": 15, "num_statements": 19, "percent_covered": 78.94736842105263, "percent_covered_display": "78.95", "missing_lines": 4, "excluded_lines": 0}, "missing_lines": [331, 332, 333, 338], "excluded_lines": []}, "APIServer._get_handler": {"executed_lines": [351, 355], "summary": {"covered_lines": 2, "num_statements": 2, "percent_covered": 100.0, "percent_covered_display": "100.00", "missing_lines": 0, "excluded_lines": 0}, "missing_lines": [], "excluded_lines": []}, "APIServer._handle_ping": {"executed_lines": [359], "summary": {"covered_lines": 1, "num_statements": 1, "percent_covered": 100.0, "percent_covered_display": "100.00", "missing_lines": 0, "excluded_lines": 0}, "missing_lines": [], "excluded_lines": []}, "APIServer._handle_status": {"executed_lines": [363], "summary": {"covered_lines": 1, "num_statements": 1, "percent_covered": 100.0, "percent_covered_display": "100.00", "missing_lines": 0, "excluded_lines": 0}, "missing_lines": [], "excluded_lines": []}, "APIServer._start_tcp_server": {"executed_lines": [], "summary": {"covered_lines": 0, "num_statements": 1, "percent_covered": 0.0, "percent_covered_display": "0.00", "missing_lines": 1, "excluded_lines": 0}, "missing_lines": [373], "excluded_lines": []}, "APIServer._cleanup_sessions": {"executed_lines": [377, 378, 379, 380], "summary": {"covered_lines": 4, "num_statements": 6, "percent_covered": 66.66666666666667, "percent_covered_display": "66.67", "missing_lines": 2, "excluded_lines": 0}, "missing_lines": [381, 382], "excluded_lines": []}, "APIServer._ping_websockets": {"executed_lines": [386, 389, 391, 392, 393, 394, 395, 396, 397, 399], "summary": {"covered_lines": 10, "num_statements": 13, "percent_covered": 76.92307692307692, "percent_covered_display": "76.92", "missing_lines": 3, "excluded_lines": 0}, "missing_lines": [387, 400, 401], "excluded_lines": []}, "APIServer._process_event_queues": {"executed_lines": [405, 406, 408, 409, 410, 413], "summary": {"covered_lines": 6, "num_statements": 8, "percent_covered": 75.0, "percent_covered_display": "75.00", "missing_lines": 2, "excluded_lines": 0}, "missing_lines": [414, 415], "excluded_lines": []}, "APIServer.handle_health": {"executed_lines": [419], "summary": {"covered_lines": 1, "num_statements": 1, "percent_covered": 100.0, "percent_covered_display": "100.00", "missing_lines": 0, "excluded_lines": 0}, "missing_lines": [], "excluded_lines": []}, "APIServer.handle_liveness": {"executed_lines": [428], "summary": {"covered_lines": 1, "num_statements": 1, "percent_covered": 100.0, "percent_covered_display": "100.00", "missing_lines": 0, "excluded_lines": 0}, "missing_lines": [], "excluded_lines": []}, "APIServer.handle_readiness": {"executed_lines": [432, 433, 434], "summary": {"covered_lines": 3, "num_statements": 3, "percent_covered": 100.0, "percent_covered_display": "100.00", "missing_lines": 0, "excluded_lines": 0}, "missing_lines": [], "excluded_lines": []}, "APIServer.handle_metrics": {"executed_lines": [441, 450], "summary": {"covered_lines": 2, "num_statements": 2, "percent_covered": 100.0, "percent_covered_display": "100.00", "missing_lines": 0, "excluded_lines": 0}, "missing_lines": [], "excluded_lines": []}, "APIServer.handle_api_info": {"executed_lines": [454], "summary": {"covered_lines": 1, "num_statements": 1, "percent_covered": 100.0, "percent_covered_display": "100.00", "missing_lines": 0, "excluded_lines": 0}, "missing_lines": [], "excluded_lines": []}, "": {"executed_lines": [1, 7, 8, 9, 10, 11, 12, 14, 15, 16, 18, 19, 20, 21, 22, 23, 24, 25, 26, 28, 31, 32, 34, 65, 118, 147, 164, 181, 289, 340, 357, 361, 370, 375, 384, 403, 417, 426, 430, 439, 452], "summary": {"covered_lines": 39, "num_statements": 39, "percent_covered": 100.0, "percent_covered_display": "100.00", "missing_lines": 0, "excluded_lines": 0}, "missing_lines": [], "excluded_lines": []}}, "classes": {"APIServer": {"executed_lines": [41, 42, 43, 44, 45, 48, 49, 52, 55, 56, 58, 67, 69, 70, 71, 73, 76, 79, 82, 85, 86, 89, 94, 96, 106, 110, 111, 112, 120, 123, 126, 130, 131, 134, 135, 138, 141, 142, 143, 145, 150, 151, 154, 155, 156, 159, 162, 166, 167, 168, 169, 179, 296, 298, 301, 304, 305, 310, 311, 314, 315, 316, 321, 322, 325, 328, 329, 351, 355, 359, 363, 377, 378, 379, 380, 386, 389, 391, 392, 393, 394, 395, 396, 397, 399, 405, 406, 408, 409, 410, 413, 419, 428, 432, 433, 434, 441, 450, 454], "summary": {"covered_lines": 99, "num_statements": 167, "percent_covered": 59.2814371257485, "percent_covered_display": "59.28", "missing_lines": 68, "excluded_lines": 0}, "missing_lines": [107, 114, 115, 116, 127, 170, 171, 172, 173, 174, 190, 191, 194, 197, 199, 201, 203, 205, 206, 209, 211, 214, 215, 216, 218, 221, 222, 223, 224, 225, 228, 231, 235, 236, 239, 244, 245, 247, 250, 255, 257, 258, 263, 264, 265, 266, 271, 273, 274, 278, 279, 281, 282, 284, 285, 287, 331, 332, 333, 338, 373, 381, 382, 387, 400, 401, 414, 415], "excluded_lines": []}, "": {"executed_lines": [1, 7, 8, 9, 10, 11, 12, 14, 15, 16, 18, 19, 20, 21, 22, 23, 24, 25, 26, 28, 31, 32, 34, 65, 118, 147, 164, 181, 289, 340, 357, 361, 370, 375, 384, 403, 417, 426, 430, 439, 452], "summary": {"covered_lines": 39, "num_statements": 39, "percent_covered": 100.0, "percent_covered_display": "100.00", "missing_lines": 0, "excluded_lines": 0}, "missing_lines": [], "excluded_lines": []}}}, "src/api/session.py": {"executed_lines": [1, 7, 8, 9, 10, 11, 12, 13, 15, 16, 18, 21, 22, 23, 25, 26, 28, 35, 36, 37, 38, 39, 41, 47, 48, 51, 55, 58, 59, 60, 64, 70, 71, 72, 74, 75, 76, 77, 78, 79, 81, 83, 93, 94, 95, 97, 98, 99, 100, 101, 102, 103, 104, 105, 106, 107, 108, 110, 112, 114, 123, 124, 126, 132, 133, 134, 136, 137, 139, 148, 150, 151, 152, 153, 154, 155, 156, 157, 158, 160, 162, 169, 170, 172, 179, 180, 184, 186, 204, 213, 214, 219, 228, 230, 239, 248, 250, 263, 264, 266, 272, 273, 274, 275, 278, 286, 288, 300, 302, 304, 305, 306, 330, 346, 347, 349, 359, 360, 362, 364, 366, 377, 393, 408, 435, 437, 439, 446, 447, 449, 460, 468, 504], "summary": {"covered_lines": 128, "num_statements": 203, "percent_covered": 63.05418719211823, "percent_covered_display": "63.05", "missing_lines": 75, "excluded_lines": 0}, "missing_lines": [62, 66, 67, 163, 164, 165, 166, 182, 192, 193, 194, 195, 196, 199, 200, 202, 216, 217, 236, 237, 245, 246, 279, 280, 309, 316, 317, 318, 322, 323, 328, 375, 386, 387, 399, 402, 403, 410, 411, 413, 414, 416, 417, 418, 420, 421, 422, 425, 426, 427, 430, 432, 433, 440, 441, 442, 443, 444, 455, 466, 474, 475, 476, 477, 478, 479, 481, 482, 483, 485, 487, 488, 489, 490, 492], "excluded_lines": [], "functions": {"RateLimiter.__init__": {"executed_lines": [35, 36, 37, 38, 39], "summary": {"covered_lines": 5, "num_statements": 5, "percent_covered": 100.0, "percent_covered_display": "100.00", "missing_lines": 0, "excluded_lines": 0}, "missing_lines": [], "excluded_lines": []}, "RateLimiter.check": {"executed_lines": [47, 48, 51, 55, 58, 59, 60], "summary": {"covered_lines": 7, "num_statements": 8, "percent_covered": 87.5, "percent_covered_display": "87.50", "missing_lines": 1, "excluded_lines": 0}, "missing_lines": [62], "excluded_lines": []}, "RateLimiter.reset": {"executed_lines": [], "summary": {"covered_lines": 0, "num_statements": 2, "percent_covered": 0.0, "percent_covered_display": "0.00", "missing_lines": 2, "excluded_lines": 0}, "missing_lines": [66, 67], "excluded_lines": []}, "SessionMetrics.to_dict": {"executed_lines": [83], "summary": {"covered_lines": 1, "num_statements": 1, "percent_covered": 100.0, "percent_covered_display": "100.00", "missing_lines": 0, "excluded_lines": 0}, "missing_lines": [], "excluded_lines": []}, "Session.update_activity": {"executed_lines": [112], "summary": {"covered_lines": 1, "num_statements": 1, "percent_covered": 100.0, "percent_covered_display": "100.00", "missing_lines": 0, "excluded_lines": 0}, "missing_lines": [], "excluded_lines": []}, "Session.is_expired": {"executed_lines": [123, 124], "summary": {"covered_lines": 2, "num_statements": 2, "percent_covered": 100.0, "percent_covered_display": "100.00", "missing_lines": 0, "excluded_lines": 0}, "missing_lines": [], "excluded_lines": []}, "Session.is_connected": {"executed_lines": [132, 133, 134, 136, 137], "summary": {"covered_lines": 5, "num_statements": 5, "percent_covered": 100.0, "percent_covered_display": "100.00", "missing_lines": 0, "excluded_lines": 0}, "missing_lines": [], "excluded_lines": []}, "Session.send": {"executed_lines": [148, 150, 151, 152, 153, 154, 155, 156, 157, 158, 160, 162, 169, 170], "summary": {"covered_lines": 14, "num_statements": 18, "percent_covered": 77.77777777777777, "percent_covered_display": "77.78", "missing_lines": 4, "excluded_lines": 0}, "missing_lines": [163, 164, 165, 166], "excluded_lines": []}, "Session.queue_message": {"executed_lines": [179, 180, 184], "summary": {"covered_lines": 3, "num_statements": 4, "percent_covered": 75.0, "percent_covered_display": "75.00", "missing_lines": 1, "excluded_lines": 0}, "missing_lines": [182], "excluded_lines": []}, "Session.flush_queue": {"executed_lines": [], "summary": {"covered_lines": 0, "num_statements": 8, "percent_covered": 0.0, "percent_covered_display": "0.00", "missing_lines": 8, "excluded_lines": 0}, "missing_lines": [192, 193, 194, 195, 196, 199, 200, 202], "excluded_lines": []}, "Session.check_rate_limit": {"executed_lines": [213, 214], "summary": {"covered_lines": 2, "num_statements": 4, "percent_covered": 50.0, "percent_covered_display": "50.00", "missing_lines": 2, "excluded_lines": 0}, "missing_lines": [216, 217], "excluded_lines": []}, "Session.has_permission": {"executed_lines": [228], "summary": {"covered_lines": 1, "num_statements": 1, "percent_covered": 100.0, "percent_covered_display": "100.00", "missing_lines": 0, "excluded_lines": 0}, "missing_lines": [], "excluded_lines": []}, "Session.subscribe": {"executed_lines": [], "summary": {"covered_lines": 0, "num_statements": 2, "percent_covered": 0.0, "percent_covered_display": "0.00", "missing_lines": 2, "excluded_lines": 0}, "missing_lines": [236, 237], "excluded_lines": []}, "Session.unsubscribe": {"executed_lines": [], "summary": {"covered_lines": 0, "num_statements": 2, "percent_covered": 0.0, "percent_covered_display": "0.00", "missing_lines": 2, "excluded_lines": 0}, "missing_lines": [245, 246], "excluded_lines": []}, "Session.to_dict": {"executed_lines": [250], "summary": {"covered_lines": 1, "num_statements": 1, "percent_covered": 100.0, "percent_covered_display": "100.00", "missing_lines": 0, "excluded_lines": 0}, "missing_lines": [], "excluded_lines": []}, "SessionManager.__init__": {"executed_lines": [272, 273, 274, 275, 278, 286], "summary": {"covered_lines": 6, "num_statements": 8, "percent_covered": 75.0, "percent_covered_display": "75.00", "missing_lines": 2, "excluded_lines": 0}, "missing_lines": [279, 280], "excluded_lines": []}, "SessionManager.authenticate": {"executed_lines": [300, 302, 304, 305, 306], "summary": {"covered_lines": 5, "num_statements": 12, "percent_covered": 41.666666666666664, "percent_covered_display": "41.67", "missing_lines": 7, "excluded_lines": 0}, "missing_lines": [309, 316, 317, 318, 322, 323, 328], "excluded_lines": []}, "SessionManager._create_session": {"executed_lines": [346, 347, 349, 359, 360, 362, 364], "summary": {"covered_lines": 7, "num_statements": 7, "percent_covered": 100.0, "percent_covered_display": "100.00", "missing_lines": 0, "excluded_lines": 0}, "missing_lines": [], "excluded_lines": []}, "SessionManager.get_session": {"executed_lines": [], "summary": {"covered_lines": 0, "num_statements": 1, "percent_covered": 0.0, "percent_covered_display": "0.00", "missing_lines": 1, "excluded_lines": 0}, "missing_lines": [375], "excluded_lines": []}, "SessionManager.get_sessions_by_mud": {"executed_lines": [], "summary": {"covered_lines": 0, "num_statements": 2, "percent_covered": 0.0, "percent_covered_display": "0.00", "missing_lines": 2, "excluded_lines": 0}, "missing_lines": [386, 387], "excluded_lines": []}, "SessionManager.disconnect": {"executed_lines": [], "summary": {"covered_lines": 0, "num_statements": 3, "percent_covered": 0.0, "percent_covered_display": "0.00", "missing_lines": 3, "excluded_lines": 0}, "missing_lines": [399, 402, 403], "excluded_lines": []}, "SessionManager.cleanup_expired": {"executed_lines": [], "summary": {"covered_lines": 0, "num_statements": 16, "percent_covered": 0.0, "percent_covered_display": "0.00", "missing_lines": 16, "excluded_lines": 0}, "missing_lines": [410, 411, 413, 414, 416, 417, 418, 420, 421, 422, 425, 426, 427, 430, 432, 433], "excluded_lines": []}, "SessionManager.cleanup": {"executed_lines": [437, 439, 446, 447], "summary": {"covered_lines": 4, "num_statements": 9, "percent_covered": 44.44444444444444, "percent_covered_display": "44.44", "missing_lines": 5, "excluded_lines": 0}, "missing_lines": [440, 441, 442, 443, 444], "excluded_lines": []}, "SessionManager.get_active_count": {"executed_lines": [], "summary": {"covered_lines": 0, "num_statements": 1, "percent_covered": 0.0, "percent_covered_display": "0.00", "missing_lines": 1, "excluded_lines": 0}, "missing_lines": [455], "excluded_lines": []}, "SessionManager.get_all_sessions": {"executed_lines": [], "summary": {"covered_lines": 0, "num_statements": 1, "percent_covered": 0.0, "percent_covered_display": "0.00", "missing_lines": 1, "excluded_lines": 0}, "missing_lines": [466], "excluded_lines": []}, "SessionManager.get_statistics": {"executed_lines": [], "summary": {"covered_lines": 0, "num_statements": 15, "percent_covered": 0.0, "percent_covered_display": "0.00", "missing_lines": 15, "excluded_lines": 0}, "missing_lines": [474, 475, 476, 477, 478, 479, 481, 482, 483, 485, 487, 488, 489, 490, 492], "excluded_lines": []}, "": {"executed_lines": [1, 7, 8, 9, 10, 11, 12, 13, 15, 16, 18, 21, 22, 23, 25, 26, 28, 41, 64, 70, 71, 72, 74, 75, 76, 77, 78, 79, 81, 93, 94, 95, 97, 98, 99, 100, 101, 102, 103, 104, 105, 106, 107, 108, 110, 114, 126, 139, 172, 186, 204, 219, 230, 239, 248, 263, 264, 266, 288, 330, 366, 377, 393, 408, 435, 449, 460, 468, 504], "summary": {"covered_lines": 64, "num_statements": 64, "percent_covered": 100.0, "percent_covered_display": "100.00", "missing_lines": 0, "excluded_lines": 0}, "missing_lines": [], "excluded_lines": []}}, "classes": {"RateLimiter": {"executed_lines": [35, 36, 37, 38, 39, 47, 48, 51, 55, 58, 59, 60], "summary": {"covered_lines": 12, "num_statements": 15, "percent_covered": 80.0, "percent_covered_display": "80.00", "missing_lines": 3, "excluded_lines": 0}, "missing_lines": [62, 66, 67], "excluded_lines": []}, "SessionMetrics": {"executed_lines": [83], "summary": {"covered_lines": 1, "num_statements": 1, "percent_covered": 100.0, "percent_covered_display": "100.00", "missing_lines": 0, "excluded_lines": 0}, "missing_lines": [], "excluded_lines": []}, "Session": {"executed_lines": [112, 123, 124, 132, 133, 134, 136, 137, 148, 150, 151, 152, 153, 154, 155, 156, 157, 158, 160, 162, 169, 170, 179, 180, 184, 213, 214, 228, 250], "summary": {"covered_lines": 29, "num_statements": 48, "percent_covered": 60.416666666666664, "percent_covered_display": "60.42", "missing_lines": 19, "excluded_lines": 0}, "missing_lines": [163, 164, 165, 166, 182, 192, 193, 194, 195, 196, 199, 200, 202, 216, 217, 236, 237, 245, 246], "excluded_lines": []}, "SessionManager": {"executed_lines": [272, 273, 274, 275, 278, 286, 300, 302, 304, 305, 306, 346, 347, 349, 359, 360, 362, 364, 437, 439, 446, 447], "summary": {"covered_lines": 22, "num_statements": 75, "percent_covered": 29.333333333333332, "percent_covered_display": "29.33", "missing_lines": 53, "excluded_lines": 0}, "missing_lines": [279, 280, 309, 316, 317, 318, 322, 323, 328, 375, 386, 387, 399, 402, 403, 410, 411, 413, 414, 416, 417, 418, 420, 421, 422, 425, 426, 427, 430, 432, 433, 440, 441, 442, 443, 444, 455, 466, 474, 475, 476, 477, 478, 479, 481, 482, 483, 485, 487, 488, 489, 490, 492], "excluded_lines": []}, "": {"executed_lines": [1, 7, 8, 9, 10, 11, 12, 13, 15, 16, 18, 21, 22, 23, 25, 26, 28, 41, 64, 70, 71, 72, 74, 75, 76, 77, 78, 79, 81, 93, 94, 95, 97, 98, 99, 100, 101, 102, 103, 104, 105, 106, 107, 108, 110, 114, 126, 139, 172, 186, 204, 219, 230, 239, 248, 263, 264, 266, 288, 330, 366, 377, 393, 408, 435, 449, 460, 468, 504], "summary": {"covered_lines": 64, "num_statements": 64, "percent_covered": 100.0, "percent_covered_display": "100.00", "missing_lines": 0, "excluded_lines": 0}, "missing_lines": [], "excluded_lines": []}}}, "src/api/subscriptions.py": {"executed_lines": [1, 6, 7, 8, 9, 11, 12, 14, 17, 18, 19, 21, 22, 23, 24, 25, 27, 33, 34, 35, 38, 49, 50, 51, 54, 55, 56, 59, 60, 61, 64, 65, 67, 81, 82, 84, 87, 90, 93, 96, 97, 98, 101, 107, 153, 194, 215, 229, 248, 260, 271, 282, 290, 304, 318, 333, 348, 352, 366], "summary": {"covered_lines": 55, "num_statements": 121, "percent_covered": 45.45454545454545, "percent_covered_display": "45.45", "missing_lines": 66, "excluded_lines": 0}, "missing_lines": [29, 30, 73, 124, 125, 128, 129, 130, 133, 138, 141, 142, 143, 146, 147, 148, 150, 151, 164, 165, 168, 169, 172, 175, 176, 179, 180, 183, 184, 187, 188, 189, 191, 192, 203, 204, 206, 207, 209, 210, 211, 213, 224, 225, 227, 243, 244, 246, 258, 269, 280, 288, 301, 302, 313, 314, 316, 329, 330, 331, 340, 343, 344, 346, 350, 358], "excluded_lines": [], "functions": {"ChannelSubscription.update_activity": {"executed_lines": [], "summary": {"covered_lines": 0, "num_statements": 2, "percent_covered": 0.0, "percent_covered_display": "0.00", "missing_lines": 2, "excluded_lines": 0}, "missing_lines": [29, 30], "excluded_lines": []}, "SubscriptionPreferences.to_event_filter": {"executed_lines": [], "summary": {"covered_lines": 0, "num_statements": 1, "percent_covered": 0.0, "percent_covered_display": "0.00", "missing_lines": 1, "excluded_lines": 0}, "missing_lines": [73], "excluded_lines": []}, "SubscriptionManager.__init__": {"executed_lines": [87, 90, 93, 96, 97, 98, 101], "summary": {"covered_lines": 7, "num_statements": 7, "percent_covered": 100.0, "percent_covered_display": "100.00", "missing_lines": 0, "excluded_lines": 0}, "missing_lines": [], "excluded_lines": []}, "SubscriptionManager.subscribe_channel": {"executed_lines": [], "summary": {"covered_lines": 0, "num_statements": 15, "percent_covered": 0.0, "percent_covered_display": "0.00", "missing_lines": 15, "excluded_lines": 0}, "missing_lines": [124, 125, 128, 129, 130, 133, 138, 141, 142, 143, 146, 147, 148, 150, 151], "excluded_lines": []}, "SubscriptionManager.unsubscribe_channel": {"executed_lines": [], "summary": {"covered_lines": 0, "num_statements": 16, "percent_covered": 0.0, "percent_covered_display": "0.00", "missing_lines": 16, "excluded_lines": 0}, "missing_lines": [164, 165, 168, 169, 172, 175, 176, 179, 180, 183, 184, 187, 188, 189, 191, 192], "excluded_lines": []}, "SubscriptionManager.unsubscribe_all": {"executed_lines": [], "summary": {"covered_lines": 0, "num_statements": 8, "percent_covered": 0.0, "percent_covered_display": "0.00", "missing_lines": 8, "excluded_lines": 0}, "missing_lines": [203, 204, 206, 207, 209, 210, 211, 213], "excluded_lines": []}, "SubscriptionManager.get_subscriptions": {"executed_lines": [], "summary": {"covered_lines": 0, "num_statements": 3, "percent_covered": 0.0, "percent_covered_display": "0.00", "missing_lines": 3, "excluded_lines": 0}, "missing_lines": [224, 225, 227], "excluded_lines": []}, "SubscriptionManager.get_subscription_info": {"executed_lines": [], "summary": {"covered_lines": 0, "num_statements": 3, "percent_covered": 0.0, "percent_covered_display": "0.00", "missing_lines": 3, "excluded_lines": 0}, "missing_lines": [243, 244, 246], "excluded_lines": []}, "SubscriptionManager.is_subscribed": {"executed_lines": [], "summary": {"covered_lines": 0, "num_statements": 1, "percent_covered": 0.0, "percent_covered_display": "0.00", "missing_lines": 1, "excluded_lines": 0}, "missing_lines": [258], "excluded_lines": []}, "SubscriptionManager.get_channel_members": {"executed_lines": [], "summary": {"covered_lines": 0, "num_statements": 1, "percent_covered": 0.0, "percent_covered_display": "0.00", "missing_lines": 1, "excluded_lines": 0}, "missing_lines": [269], "excluded_lines": []}, "SubscriptionManager.get_channel_count": {"executed_lines": [], "summary": {"covered_lines": 0, "num_statements": 1, "percent_covered": 0.0, "percent_covered_display": "0.00", "missing_lines": 1, "excluded_lines": 0}, "missing_lines": [280], "excluded_lines": []}, "SubscriptionManager.get_all_channels": {"executed_lines": [], "summary": {"covered_lines": 0, "num_statements": 1, "percent_covered": 0.0, "percent_covered_display": "0.00", "missing_lines": 1, "excluded_lines": 0}, "missing_lines": [288], "excluded_lines": []}, "SubscriptionManager.set_preferences": {"executed_lines": [], "summary": {"covered_lines": 0, "num_statements": 2, "percent_covered": 0.0, "percent_covered_display": "0.00", "missing_lines": 2, "excluded_lines": 0}, "missing_lines": [301, 302], "excluded_lines": []}, "SubscriptionManager.get_preferences": {"executed_lines": [], "summary": {"covered_lines": 0, "num_statements": 3, "percent_covered": 0.0, "percent_covered_display": "0.00", "missing_lines": 3, "excluded_lines": 0}, "missing_lines": [313, 314, 316], "excluded_lines": []}, "SubscriptionManager.update_channel_activity": {"executed_lines": [], "summary": {"covered_lines": 0, "num_statements": 3, "percent_covered": 0.0, "percent_covered_display": "0.00", "missing_lines": 3, "excluded_lines": 0}, "missing_lines": [329, 330, 331], "excluded_lines": []}, "SubscriptionManager.cleanup_session": {"executed_lines": [], "summary": {"covered_lines": 0, "num_statements": 4, "percent_covered": 0.0, "percent_covered_display": "0.00", "missing_lines": 4, "excluded_lines": 0}, "missing_lines": [340, 343, 344, 346], "excluded_lines": []}, "SubscriptionManager._update_active_channels": {"executed_lines": [], "summary": {"covered_lines": 0, "num_statements": 1, "percent_covered": 0.0, "percent_covered_display": "0.00", "missing_lines": 1, "excluded_lines": 0}, "missing_lines": [350], "excluded_lines": []}, "SubscriptionManager.get_stats": {"executed_lines": [], "summary": {"covered_lines": 0, "num_statements": 1, "percent_covered": 0.0, "percent_covered_display": "0.00", "missing_lines": 1, "excluded_lines": 0}, "missing_lines": [358], "excluded_lines": []}, "": {"executed_lines": [1, 6, 7, 8, 9, 11, 12, 14, 17, 18, 19, 21, 22, 23, 24, 25, 27, 33, 34, 35, 38, 49, 50, 51, 54, 55, 56, 59, 60, 61, 64, 65, 67, 81, 82, 84, 107, 153, 194, 215, 229, 248, 260, 271, 282, 290, 304, 318, 333, 348, 352, 366], "summary": {"covered_lines": 48, "num_statements": 48, "percent_covered": 100.0, "percent_covered_display": "100.00", "missing_lines": 0, "excluded_lines": 0}, "missing_lines": [], "excluded_lines": []}}, "classes": {"ChannelSubscription": {"executed_lines": [], "summary": {"covered_lines": 0, "num_statements": 2, "percent_covered": 0.0, "percent_covered_display": "0.00", "missing_lines": 2, "excluded_lines": 0}, "missing_lines": [29, 30], "excluded_lines": []}, "SubscriptionPreferences": {"executed_lines": [], "summary": {"covered_lines": 0, "num_statements": 1, "percent_covered": 0.0, "percent_covered_display": "0.00", "missing_lines": 1, "excluded_lines": 0}, "missing_lines": [73], "excluded_lines": []}, "SubscriptionManager": {"executed_lines": [87, 90, 93, 96, 97, 98, 101], "summary": {"covered_lines": 7, "num_statements": 70, "percent_covered": 10.0, "percent_covere
[...]
tatements": 9, "percent_covered": 0.0, "percent_covered_display": "0.00", "missing_lines": 9, "excluded_lines": 0}, "missing_lines": [324, 335, 337, 339, 340, 343, 345, 346, 349], "excluded_lines": []}, "retry.decorator.async_wrapper": {"executed_lines": [], "summary": {"covered_lines": 0, "num_statements": 1, "percent_covered": 0.0, "percent_covered_display": "0.00", "missing_lines": 1, "excluded_lines": 0}, "missing_lines": [341], "excluded_lines": []}, "retry.decorator.sync_wrapper": {"executed_lines": [], "summary": {"covered_lines": 0, "num_statements": 1, "percent_covered": 0.0, "percent_covered_display": "0.00", "missing_lines": 1, "excluded_lines": 0}, "missing_lines": [347], "excluded_lines": []}, "retry_on_network_error": {"executed_lines": [], "summary": {"covered_lines": 0, "num_statements": 1, "percent_covered": 0.0, "percent_covered_display": "0.00", "missing_lines": 1, "excluded_lines": 0}, "missing_lines": [357], "excluded_lines": []}, "retry_on_timeout": {"executed_lines": [], "summary": {"covered_lines": 0, "num_statements": 1, "percent_covered": 0.0, "percent_covered_display": "0.00", "missing_lines": 1, "excluded_lines": 0}, "missing_lines": [367], "excluded_lines": []}, "retry_with_fibonacci": {"executed_lines": [], "summary": {"covered_lines": 0, "num_statements": 1, "percent_covered": 0.0, "percent_covered_display": "0.00", "missing_lines": 1, "excluded_lines": 0}, "missing_lines": [377], "excluded_lines": []}, "retry_with_decorrelated_jitter": {"executed_lines": [], "summary": {"covered_lines": 0, "num_statements": 1, "percent_covered": 0.0, "percent_covered_display": "0.00", "missing_lines": 1, "excluded_lines": 0}, "missing_lines": [382], "excluded_lines": []}, "RetryManager.__init__": {"executed_lines": [], "summary": {"covered_lines": 0, "num_statements": 2, "percent_covered": 0.0, "percent_covered_display": "0.00", "missing_lines": 2, "excluded_lines": 0}, "missing_lines": [392, 393], "excluded_lines": []}, "RetryManager.create_handler": {"executed_lines": [], "summary": {"covered_lines": 0, "num_statements": 4, "percent_covered": 0.0, "percent_covered_display": "0.00", "missing_lines": 4, "excluded_lines": 0}, "missing_lines": [397, 398, 399, 400], "excluded_lines": []}, "RetryManager.get_handler": {"executed_lines": [], "summary": {"covered_lines": 0, "num_statements": 1, "percent_covered": 0.0, "percent_covered_display": "0.00", "missing_lines": 1, "excluded_lines": 0}, "missing_lines": [404], "excluded_lines": []}, "RetryManager.get_stats": {"executed_lines": [], "summary": {"covered_lines": 0, "num_statements": 5, "percent_covered": 0.0, "percent_covered_display": "0.00", "missing_lines": 5, "excluded_lines": 0}, "missing_lines": [408, 409, 410, 411, 419], "excluded_lines": []}, "RetryManager.reset_stats": {"executed_lines": [], "summary": {"covered_lines": 0, "num_statements": 2, "percent_covered": 0.0, "percent_covered_display": "0.00", "missing_lines": 2, "excluded_lines": 0}, "missing_lines": [423, 424], "excluded_lines": []}, "get_retry_handler": {"executed_lines": [], "summary": {"covered_lines": 0, "num_statements": 1, "percent_covered": 0.0, "percent_covered_display": "0.00", "missing_lines": 1, "excluded_lines": 0}, "missing_lines": [433], "excluded_lines": []}, "get_retry_manager": {"executed_lines": [], "summary": {"covered_lines": 0, "num_statements": 1, "percent_covered": 0.0, "percent_covered_display": "0.00", "missing_lines": 1, "excluded_lines": 0}, "missing_lines": [438], "excluded_lines": []}, "": {"executed_lines": [], "summary": {"covered_lines": 0, "num_statements": 62, "percent_covered": 0.0, "percent_covered_display": "0.00", "missing_lines": 62, "excluded_lines": 0}, "missing_lines": [7, 8, 9, 10, 11, 12, 13, 14, 15, 18, 20, 23, 26, 27, 28, 29, 30, 33, 34, 37, 38, 39, 40, 41, 42, 43, 44, 45, 48, 49, 52, 53, 54, 55, 56, 57, 59, 63, 72, 76, 82, 89, 92, 98, 145, 151, 170, 230, 292, 355, 365, 375, 380, 387, 390, 395, 402, 406, 421, 428, 431, 436], "excluded_lines": []}}, "classes": {"BackoffStrategy": {"executed_lines": [], "summary": {"covered_lines": 0, "num_statements": 0, "percent_covered": 100.0, "percent_covered_display": "100.00", "missing_lines": 0, "excluded_lines": 0}, "missing_lines": [], "excluded_lines": []}, "RetryConfig": {"executed_lines": [], "summary": {"covered_lines": 0, "num_statements": 0, "percent_covered": 100.0, "percent_covered_display": "100.00", "missing_lines": 0, "excluded_lines": 0}, "missing_lines": [], "excluded_lines": []}, "RetryStats": {"executed_lines": [], "summary": {"covered_lines": 0, "num_statements": 14, "percent_covered": 0.0, "percent_covered_display": "0.00", "missing_lines": 14, "excluded_lines": 0}, "missing_lines": [60, 61, 65, 66, 67, 69, 70, 74, 78, 79, 80, 84, 85, 86], "excluded_lines": []}, "RetryHandler": {"executed_lines": [], "summary": {"covered_lines": 0, "num_statements": 82, "percent_covered": 0.0, "percent_covered_display": "0.00", "missing_lines": 82, "excluded_lines": 0}, "missing_lines": [94, 95, 96, 107, 108, 110, 111, 113, 114, 116, 117, 119, 121, 122, 124, 129, 132, 135, 138, 140, 141, 143, 147, 148, 149, 161, 162, 165, 166, 168, 184, 185, 187, 188, 189, 190, 191, 193, 194, 195, 198, 199, 200, 203, 204, 205, 206, 209, 210, 211, 214, 220, 221, 224, 227, 228, 244, 245, 247, 248, 249, 250, 251, 253, 254, 255, 258, 259, 260, 263, 264, 265, 266, 269, 270, 271, 274, 280, 281, 284, 287, 288], "excluded_lines": []}, "RetryManager": {"executed_lines": [], "summary": {"covered_lines": 0, "num_statements": 14, "percent_covered": 0.0, "percent_covered_display": "0.00", "missing_lines": 14, "excluded_lines": 0}, "missing_lines": [392, 393, 397, 398, 399, 400, 404, 408, 409, 410, 411, 419, 423, 424], "excluded_lines": []}, "": {"executed_lines": [], "summary": {"covered_lines": 0, "num_statements": 81, "percent_covered": 0.0, "percent_covered_display": "0.00", "missing_lines": 81, "excluded_lines": 0}, "missing_lines": [7, 8, 9, 10, 11, 12, 13, 14, 15, 18, 20, 23, 26, 27, 28, 29, 30, 33, 34, 37, 38, 39, 40, 41, 42, 43, 44, 45, 48, 49, 52, 53, 54, 55, 56, 57, 59, 63, 72, 76, 82, 89, 92, 98, 145, 151, 170, 230, 292, 323, 324, 335, 337, 339, 340, 341, 343, 345, 346, 347, 349, 351, 355, 357, 365, 367, 375, 377, 380, 382, 387, 390, 395, 402, 406, 421, 428, 431, 433, 436, 438], "excluded_lines": []}}}, "src/utils/shutdown.py": {"executed_lines": [1, 7, 8, 9, 10, 11, 12, 13, 14, 15, 16, 19, 22, 23, 25, 26, 27, 28, 29, 32, 33, 34, 36, 37, 38, 39, 40, 41, 44, 45, 46, 48, 49, 50, 51, 52, 53, 54, 55, 56, 58, 62, 82, 91, 92, 102, 104, 105, 106, 108, 109, 110, 111, 112, 113, 116, 117, 119, 121, 124, 125, 127, 128, 130, 134, 141, 148, 155, 159, 164, 168, 172, 176, 228, 265, 301, 350, 365, 393, 394, 396, 398, 399, 400, 402, 412, 427, 442, 458, 459, 468, 471, 479, 485, 491], "summary": {"covered_lines": 89, "num_statements": 282, "percent_covered": 31.56028368794326, "percent_covered_display": "31.56", "missing_lines": 193, "excluded_lines": 0}, "missing_lines": [60, 64, 65, 66, 69, 70, 72, 73, 74, 75, 77, 78, 80, 84, 85, 86, 87, 88, 131, 132, 136, 139, 146, 153, 157, 161, 162, 166, 170, 174, 182, 183, 184, 186, 187, 188, 191, 194, 196, 198, 201, 204, 207, 208, 210, 211, 212, 214, 215, 219, 220, 222, 223, 226, 230, 231, 232, 235, 236, 237, 238, 240, 241, 242, 245, 246, 248, 250, 251, 254, 255, 256, 258, 260, 261, 267, 268, 269, 271, 272, 273, 276, 277, 278, 279, 280, 281, 283, 284, 285, 286, 289, 290, 291, 295, 296, 298, 299, 303, 304, 305, 308, 309, 310, 311, 312, 314, 315, 316, 317, 318, 321, 322, 323, 328, 329, 330, 332, 334, 335, 336, 339, 340, 341, 342, 343, 345, 352, 353, 355, 356, 359, 361, 363, 367, 369, 370, 371, 372, 373, 374, 375, 378, 379, 384, 385, 386, 387, 388, 390, 404, 407, 408, 409, 410, 414, 417, 418, 421, 422, 425, 429, 431, 432, 433, 434, 435, 437, 438, 439, 440, 444, 447, 448, 449, 450, 451, 453, 454, 455, 456, 461, 462, 464, 474, 475, 476, 481, 482, 487, 488, 493, 494], "excluded_lines": [], "functions": {"ShutdownStats.record_phase_start": {"executed_lines": [], "summary": {"covered_lines": 0, "num_statements": 1, "percent_covered": 0.0, "percent_covered_display": "0.00", "missing_lines": 1, "excluded_lines": 0}, "missing_lines": [60], "excluded_lines": []}, "ShutdownStats.get_phase_duration": {"executed_lines": [], "summary": {"covered_lines": 0, "num_statements": 12, "percent_covered": 0.0, "percent_covered_display": "0.00", "missing_lines": 12, "excluded_lines": 0}, "missing_lines": [64, 65, 66, 69, 70, 72, 73, 74, 75, 77, 78, 80], "excluded_lines": []}, "ShutdownStats.get_total_duration": {"executed_lines": [], "summary": {"covered_lines": 0, "num_statements": 5, "percent_covered": 0.0, "percent_covered_display": "0.00", "missing_lines": 5, "excluded_lines": 0}, "missing_lines": [84, 85, 86, 87, 88], "excluded_lines": []}, "GracefulShutdown.__init__": {"executed_lines": [104, 105, 106, 108, 109, 110, 111, 112, 113, 116, 117], "summary": {"covered_lines": 11, "num_statements": 11, "percent_covered": 100.0, "percent_covered_display": "100.00", "missing_lines": 0, "excluded_lines": 0}, "missing_lines": [], "excluded_lines": []}, "GracefulShutdown._register_signal_handlers": {"executed_lines": [121, 124, 125, 127, 128, 130], "summary": {"covered_lines": 6, "num_statements": 8, "percent_covered": 75.0, "percent_covered_display": "75.00", "missing_lines": 2, "excluded_lines": 0}, "missing_lines": [131, 132], "excluded_lines": []}, "GracefulShutdown._handle_signal": {"executed_lines": [], "summary": {"covered_lines": 0, "num_statements": 2, "percent_covered": 0.0, "percent_covered_display": "0.00", "missing_lines": 2, "excluded_lines": 0}, "missing_lines": [136, 139], "excluded_lines": []}, "GracefulShutdown.register_handler": {"executed_lines": [], "summary": {"covered_lines": 0, "num_statements": 1, "percent_covered": 0.0, "percent_covered_display": "0.00", "missing_lines": 1, "excluded_lines": 0}, "missing_lines": [146], "excluded_lines": []}, "GracefulShutdown.register_cleanup": {"executed_lines": [], "summary": {"covered_lines": 0, "num_statements": 1, "percent_covered": 0.0, "percent_covered_display": "0.00", "missing_lines": 1, "excluded_lines": 0}, "missing_lines": [153], "excluded_lines": []}, "GracefulShutdown.register_connection": {"executed_lines": [], "summary": {"covered_lines": 0, "num_statements": 1, "percent_covered": 0.0, "percent_covered_display": "0.00", "missing_lines": 1, "excluded_lines": 0}, "missing_lines": [157], "excluded_lines": []}, "GracefulShutdown.unregister_connection": {"executed_lines": [], "summary": {"covered_lines": 0, "num_statements": 2, "percent_covered": 0.0, "percent_covered_display": "0.00", "missing_lines": 2, "excluded_lines": 0}, "missing_lines": [161, 162], "excluded_lines": []}, "GracefulShutdown.is_shutting_down": {"executed_lines": [], "summary": {"covered_lines": 0, "num_statements": 1, "percent_covered": 0.0, "percent_covered_display": "0.00", "missing_lines": 1, "excluded_lines": 0}, "missing_lines": [166], "excluded_lines": []}, "GracefulShutdown.should_accept_connections": {"executed_lines": [], "summary": {"covered_lines": 0, "num_statements": 1, "percent_covered": 0.0, "percent_covered_display": "0.00", "missing_lines": 1, "excluded_lines": 0}, "missing_lines": [170], "excluded_lines": []}, "GracefulShutdown.wait_for_shutdown": {"executed_lines": [], "summary": {"covered_lines": 0, "num_statements": 1, "percent_covered": 0.0, "percent_covered_display": "0.00", "missing_lines": 1, "excluded_lines": 0}, "missing_lines": [174], "excluded_lines": []}, "GracefulShutdown.shutdown": {"executed_lines": [], "summary": {"covered_lines": 0, "num_statements": 24, "percent_covered": 0.0, "percent_covered_display": "0.00", "missing_lines": 24, "excluded_lines": 0}, "missing_lines": [182, 183, 184, 186, 187, 188, 191, 194, 196, 198, 201, 204, 207, 208, 210, 211, 212, 214, 215, 219, 220, 222, 223, 226], "excluded_lines": []}, "GracefulShutdown._drain_connections": {"executed_lines": [], "summary": {"covered_lines": 0, "num_statements": 21, "percent_covered": 0.0, "percent_covered_display": "0.00", "missing_lines": 21, "excluded_lines": 0}, "missing_lines": [230, 231, 232, 235, 236, 237, 238, 240, 241, 242, 245, 246, 248, 250, 251, 254, 255, 256, 258, 260, 261], "excluded_lines": []}, "GracefulShutdown._close_connections": {"executed_lines": [], "summary": {"covered_lines": 0, "num_statements": 23, "percent_covered": 0.0, "percent_covered_display": "0.00", "missing_lines": 23, "excluded_lines": 0}, "missing_lines": [267, 268, 269, 271, 272, 273, 276, 277, 278, 279, 280, 281, 283, 284, 285, 286, 289, 290, 291, 295, 296, 298, 299], "excluded_lines": []}, "GracefulShutdown._cleanup_resources": {"executed_lines": [], "summary": {"covered_lines": 0, "num_statements": 29, "percent_covered": 0.0, "percent_covered_display": "0.00", "missing_lines": 29, "excluded_lines": 0}, "missing_lines": [303, 304, 305, 308, 309, 310, 311, 312, 314, 315, 316, 317, 318, 321, 322, 323, 328, 329, 330, 332, 334, 335, 336, 339, 340, 341, 342, 343, 345], "excluded_lines": []}, "GracefulShutdown._force_shutdown_timer": {"executed_lines": [], "summary": {"covered_lines": 0, "num_statements": 7, "percent_covered": 0.0, "percent_covered_display": "0.00", "missing_lines": 7, "excluded_lines": 0}, "missing_lines": [352, 353, 355, 356, 359, 361, 363], "excluded_lines": []}, "GracefulShutdown._log_shutdown_stats": {"executed_lines": [], "summary": {"covered_lines": 0, "num_statements": 16, "percent_covered": 0.0, "percent_covered_display": "0.00", "missing_lines": 16, "excluded_lines": 0}, "missing_lines": [367, 369, 370, 371, 372, 373, 374, 375, 378, 379, 384, 385, 386, 387, 388, 390], "excluded_lines": []}, "ShutdownManager.__init__": {"executed_lines": [398, 399, 400], "summary": {"covered_lines": 3, "num_statements": 3, "percent_covered": 100.0, "percent_covered_display": "100.00", "missing_lines": 0, "excluded_lines": 0}, "missing_lines": [], "excluded_lines": []}, "ShutdownManager.register_component": {"executed_lines": [], "summary": {"covered_lines": 0, "num_statements": 5, "percent_covered": 0.0, "percent_covered_display": "0.00", "missing_lines": 5, "excluded_lines": 0}, "missing_lines": [404, 407, 408, 409, 410], "excluded_lines": []}, "ShutdownManager.shutdown": {"executed_lines": [], "summary": {"covered_lines": 0, "num_statements": 6, "percent_covered": 0.0, "percent_covered_display": "0.00", "missing_lines": 6, "excluded_lines": 0}, "missing_lines": [414, 417, 418, 421, 422, 425], "excluded_lines": []}, "ShutdownManager._save_state": {"executed_lines": [], "summary": {"covered_lines": 0, "num_statements": 10, "percent_covered": 0.0, "percent_covered_display": "0.00", "missing_lines": 10, "excluded_lines": 0}, "missing_lines": [429, 431, 432, 433, 434, 435, 437, 438, 439, 440], "excluded_lines": []}, "ShutdownManager._notify_peers": {"executed_lines": [], "summary": {"covered_lines": 0, "num_statements": 10, "percent_covered": 0.0, "percent_covered_display": "0.00", "missing_lines": 10, "excluded_lines": 0}, "missing_lines": [444, 447, 448, 449, 450, 451, 453, 454, 455, 456], "excluded_lines": []}, "ShutdownManager.shutdown_context": {"executed_lines": [], "summary": {"covered_lines": 0, "num_statements": 3, "percent_covered": 0.0, "percent_covered_display": "0.00", "missing_lines": 3, "excluded_lines": 0}, "missing_lines": [461, 462, 464], "excluded_lines": []}, "get_shutdown_manager": {"executed_lines": [], "summary": {"covered_lines": 0, "num_statements": 3, "percent_covered": 0.0, "percent_covered_display": "0.00", "missing_lines": 3, "excluded_lines": 0}, "missing_lines": [474, 475, 476], "excluded_lines": []}, "register_shutdown_handler": {"executed_lines": [], "summary": {"covered_lines": 0, "num_statements": 2, "percent_covered": 0.0, "percent_covered_display": "0.00", "missing_lines": 2, "excluded_lines": 0}, "missing_lines": [481, 482], "excluded_lines": []}, "register_cleanup_task": {"executed_lines": [], "summary": {"covered_lines": 0, "num_statements": 2, "percent_covered": 0.0, "percent_covered_display": "0.00", "missing_lines": 2, "excluded_lines": 0}, "missing_lines": [487, 488], "excluded_lines": []}, "wait_for_shutdown": {"executed_lines": [], "summary": {"covered_lines": 0, "num_statements": 2, "percent_covered": 0.0, "percent_covered_display": "0.00", "missing_lines": 2, "excluded_lines": 0}, "missing_lines": [493, 494], "excluded_lines": []}, "": {"executed_lines": [1, 7, 8, 9, 10, 11, 12, 13, 14, 15, 16, 19, 22, 23, 25, 26, 27, 28, 29, 32, 33, 34, 36, 37, 38, 39, 40, 41, 44, 45, 46, 48, 49, 50, 51, 52, 53, 54, 55, 56, 58, 62, 82, 91, 92, 102, 119, 134, 141, 148, 155, 159, 164, 168, 172, 176, 228, 265, 301, 350, 365, 393, 394, 396, 402, 412, 427, 442, 458, 459, 468, 471, 479, 485, 491], "summary": {"covered_lines": 69, "num_statements": 69, "percent_covered": 100.0, "percent_covered_display": "100.00", "missing_lines": 0, "excluded_lines": 0}, "missing_lines": [], "excluded_lines": []}}, "classes": {"ShutdownPhase": {"executed_lines": [], "summary": {"covered_lines": 0, "num_statements": 0, "percent_covered": 100.0, "percent_covered_display": "100.00", "missing_lines": 0, "excluded_lines": 0}, "missing_lines": [], "excluded_lines": []}, "ShutdownConfig": {"executed_lines": [], "summary": {"covered_lines": 0, "num_statements": 0, "percent_covered": 100.0, "percent_covered_display": "100.00", "missing_lines": 0, "excluded_lines": 0}, "missing_lines": [], "excluded_lines": []}, "ShutdownStats": {"executed_lines": [], "summary": {"covered_lines": 0, "num_statements": 18, "percent_covered": 0.0, "percent_covered_display": "0.00", "missing_lines": 18, "excluded_lines": 0}, "missing_lines": [60, 64, 65, 66, 69, 70, 72, 73, 74, 75, 77, 78, 80, 84, 85, 86, 87, 88], "excluded_lines": []}, "GracefulShutdown": {"executed_lines": [104, 105, 106, 108, 109, 110, 111, 112, 113, 116, 117, 121, 124, 125, 127, 128, 130], "summary": {"covered_lines": 17, "num_statements": 149, "percent_covered": 11.409395973154362, "percent_covered_display": "11.41", "missing_lines": 132, "excluded_lines": 0}, "missing_lines": [131, 132, 136, 139, 146, 153, 157, 161, 162, 166, 170, 174, 182, 183, 184, 186, 187, 188, 191, 194, 196, 198, 201, 204, 207, 208, 210, 211, 212, 214, 215, 219, 220, 222, 223, 226, 230, 231, 232, 235, 236, 237, 238, 240, 241, 242, 245, 246, 248, 250, 251, 254, 255, 256, 258, 260, 261, 267, 268, 269, 271, 272, 273, 276, 277, 278, 279, 280, 281, 283, 284, 285, 286, 289, 290, 291, 295, 296, 298, 299, 303, 304, 305, 308, 309, 310, 311, 312, 314, 315, 316, 317, 318, 321, 322, 323, 328, 329, 330, 332, 334, 335, 336, 339, 340, 341, 342, 343, 345, 352, 353, 355, 356, 359, 361, 363, 367, 369, 370, 371, 372, 373, 374, 375, 378, 379, 384, 385, 386, 387, 388, 390], "excluded_lines": []}, "ShutdownManager": {"executed_lines": [398, 399, 400], "summary": {"covered_lines": 3, "num_statements": 37, "percent_covered": 8.108108108108109, "percent_covered_display": "8.11", "missing_lines": 34, "excluded_lines": 0}, "missing_lines": [404, 407, 408, 409, 410, 414, 417, 418, 421, 422, 425, 429, 431, 432, 433, 434, 435, 437, 438, 439, 440, 444, 447, 448, 449, 450, 451, 453, 454, 455, 456, 461, 462, 464], "excluded_lines": []}, "": {"executed_lines": [1, 7, 8, 9, 10, 11, 12, 13, 14, 15, 16, 19, 22, 23, 25, 26, 27, 28, 29, 32, 33, 34, 36, 37, 38, 39, 40, 41, 44, 45, 46, 48, 49, 50, 51, 52, 53, 54, 55, 56, 58, 62, 82, 91, 92, 102, 119, 134, 141, 148, 155, 159, 164, 168, 172, 176, 228, 265, 301, 350, 365, 393, 394, 396, 402, 412, 427, 442, 458, 459, 468, 471, 479, 485, 491], "summary": {"covered_lines": 69, "num_statements": 78, "percent_covered": 88.46153846153847, "percent_covered_display": "88.46", "missing_lines": 9, "excluded_lines": 0}, "missing_lines": [474, 475, 476, 481, 482, 487, 488, 493, 494], "excluded_lines": []}}}}, "totals": {"covered_lines": 1342, "num_statements": 4818, "percent_covered": 27.85388127853881, "percent_covered_display": "27.85", "missing_lines": 3476, "excluded_lines": 4}}